<?xml version="1.0" encoding="UTF-8" ?>
<!-- This is a WordPress eXtended RSS file generated by WordPress as an export of your site. -->
<!-- It contains information about your site's posts, pages, comments, categories, and other content. -->
<!-- You may use this file to transfer that content from one site to another. -->
<!-- This file is not intended to serve as a complete backup of your site. -->

<!-- To import this information into a WordPress site follow these steps: -->
<!-- 1. Log in to that site as an administrator. -->
<!-- 2. Go to Tools: Import in the WordPress admin panel. -->
<!-- 3. Install the "WordPress" importer from the list. -->
<!-- 4. Activate & Run Importer. -->
<!-- 5. Upload this file using the form provided on that page. -->
<!-- 6. You will first be asked to map the authors in this export file to users -->
<!--    on the site. For each author, you may choose to map to an -->
<!--    existing user on the site or to create a new user. -->
<!-- 7. WordPress will then import each of the posts, pages, comments, categories, etc. -->
<!--    contained in this file into your site. -->

<!-- generator="WordPress/3.3-aortic-dissection" created="2011-09-27 23:51" -->
<rss version="2.0"
	xmlns:excerpt="http://wordpress.org/export/1.1/excerpt/"
	xmlns:content="http://purl.org/rss/1.0/modules/content/"
	xmlns:wfw="http://wellformedweb.org/CommentAPI/"
	xmlns:dc="http://purl.org/dc/elements/1.1/"
	xmlns:wp="http://wordpress.org/export/1.1/"
>

<channel>
	<title>WordPress Trunk</title>
	<link>http://wptrunk</link>
	<description>Just another WordPress site</description>
	<pubDate>Tue, 27 Sep 2011 23:51:34 +0000</pubDate>
	<language>en</language>
	<wp:wxr_version>1.1</wp:wxr_version>
	<wp:base_site_url>http://wptrunk</wp:base_site_url>
	<wp:base_blog_url>http://wptrunk</wp:base_blog_url>

	<wp:author><wp:author_id>1</wp:author_id><wp:author_login>admin</wp:author_login><wp:author_email>contact@jaredatchison.com</wp:author_email><wp:author_display_name><![CDATA[admin]]></wp:author_display_name><wp:author_first_name><![CDATA[]]></wp:author_first_name><wp:author_last_name><![CDATA[]]></wp:author_last_name></wp:author>

	<wp:category><wp:term_id>1</wp:term_id><wp:category_nicename>uncategorized</wp:category_nicename><wp:category_parent></wp:category_parent><wp:cat_name><![CDATA[Uncategorized]]></wp:cat_name></wp:category>

	<generator>http://wordpress.org/?v=3.3-aortic-dissection</generator>

	<item>
		<title>Parent page</title>
		<link>http://wptrunk/?page_id=143</link>
		<pubDate>Mon, 03 Sep 2007 23:51:09 +0000</pubDate>
		<dc:creator>admin</dc:creator>
		<guid isPermaLink="false">http://wpthemetestdata.wordpress.com/parent-page/</guid>
		<description></description>
		<content:encoded><![CDATA[This page has children.]]></content:encoded>
		<excerpt:encoded><![CDATA[]]></excerpt:encoded>
		<wp:post_id>143</wp:post_id>
		<wp:post_date>2007-09-04 09:51:09</wp:post_date>
		<wp:post_date_gmt>2007-09-03 23:51:09</wp:post_date_gmt>
		<wp:comment_status>closed</wp:comment_status>
		<wp:ping_status>closed</wp:ping_status>
		<wp:post_name>parent-page</wp:post_name>
		<wp:status>publish</wp:status>
		<wp:post_parent>0</wp:post_parent>
		<wp:menu_order>0</wp:menu_order>
		<wp:post_type>page</wp:post_type>
		<wp:post_password></wp:post_password>
		<wp:is_sticky>0</wp:is_sticky>
		<wp:postmeta>
			<wp:meta_key>_wp_page_template</wp:meta_key>
			<wp:meta_value><![CDATA[default]]></wp:meta_value>
		</wp:postmeta>
	</item>
	<item>
		<title>Child page 1</title>
		<link>http://wptrunk/?page_id=144</link>
		<pubDate>Mon, 03 Sep 2007 23:51:50 +0000</pubDate>
		<dc:creator>admin</dc:creator>
		<guid isPermaLink="false">http://wpthemetestdata.wordpress.com/parent-page/child-page-1/</guid>
		<description></description>
		<content:encoded><![CDATA[This page has a parent and child.]]></content:encoded>
		<excerpt:encoded><![CDATA[]]></excerpt:encoded>
		<wp:post_id>144</wp:post_id>
		<wp:post_date>2007-09-04 09:51:50</wp:post_date>
		<wp:post_date_gmt>2007-09-03 23:51:50</wp:post_date_gmt>
		<wp:comment_status>closed</wp:comment_status>
		<wp:ping_status>closed</wp:ping_status>
		<wp:post_name>child-page-1</wp:post_name>
		<wp:status>publish</wp:status>
		<wp:post_parent>143</wp:post_parent>
		<wp:menu_order>0</wp:menu_order>
		<wp:post_type>page</wp:post_type>
		<wp:post_password></wp:post_password>
		<wp:is_sticky>0</wp:is_sticky>
		<wp:postmeta>
			<wp:meta_key>_wp_page_template</wp:meta_key>
			<wp:meta_value><![CDATA[default]]></wp:meta_value>
		</wp:postmeta>
	</item>
	<item>
		<title>Child page 2</title>
		<link>http://wptrunk/?page_id=145</link>
		<pubDate>Mon, 03 Sep 2007 23:52:18 +0000</pubDate>
		<dc:creator>admin</dc:creator>
		<guid isPermaLink="false">http://wpthemetestdata.wordpress.com/parent-page/child-page-1/child-page-2/</guid>
		<description></description>
		<content:encoded><![CDATA[This page has a parent.]]></content:encoded>
		<excerpt:encoded><![CDATA[]]></excerpt:encoded>
		<wp:post_id>145</wp:post_id>
		<wp:post_date>2007-09-04 09:52:18</wp:post_date>
		<wp:post_date_gmt>2007-09-03 23:52:18</wp:post_date_gmt>
		<wp:comment_status>closed</wp:comment_status>
		<wp:ping_status>closed</wp:ping_status>
		<wp:post_name>child-page-2</wp:post_name>
		<wp:status>publish</wp:status>
		<wp:post_parent>143</wp:post_parent>
		<wp:menu_order>0</wp:menu_order>
		<wp:post_type>page</wp:post_type>
		<wp:post_password></wp:post_password>
		<wp:is_sticky>0</wp:is_sticky>
		<wp:postmeta>
			<wp:meta_key>_wp_page_template</wp:meta_key>
			<wp:meta_value><![CDATA[default]]></wp:meta_value>
		</wp:postmeta>
	</item>
	<item>
		<title>Lorem Ipsum</title>
		<link>http://wptrunk/?page_id=146</link>
		<pubDate>Mon, 03 Sep 2007 23:52:50 +0000</pubDate>
		<dc:creator>admin</dc:creator>
		<guid isPermaLink="false">http://wpthemetestdata.wordpress.com/lorem-ipsum/</guid>
		<description></description>
		<content:encoded><![CDATA[Lorem ipsum dolor sit amet, consectetuer adipiscing elit. Donec mollis. Quisque convallis libero in sapien pharetra tincidunt. Aliquam elit ante, malesuada id, tempor eu, gravida id, odio. Maecenas suscipit, risus et eleifend imperdiet, nisi orci ullamcorper massa, et adipiscing orci velit quis magna. Praesent sit amet ligula id orci venenatis auctor. Phasellus porttitor, metus non tincidunt dapibus, orci pede pretium neque, sit amet adipiscing ipsum lectus et libero. Aenean bibendum. Curabitur mattis quam id urna. Vivamus dui. Donec nonummy lacinia lorem. Cras risus arcu, sodales ac, ultrices ac, mollis quis, justo. Sed a libero. Quisque risus erat, posuere at, tristique non, lacinia quis, eros.

Cras volutpat, lacus quis semper pharetra, nisi enim dignissim est, et sollicitudin quam ipsum vel mi. Sed commodo urna ac urna. Nullam eu tortor. Curabitur sodales scelerisque magna. Donec ultricies tristique pede. Nullam libero. Nam sollicitudin felis vel metus. Nullam posuere molestie metus. Nullam molestie, nunc id suscipit rhoncus, felis mi vulputate lacus, a ultrices tortor dolor eget augue. Aenean ultricies felis ut turpis. Lorem ipsum dolor sit amet, consectetuer adipiscing elit. Suspendisse placerat tellus ac nulla. Proin adipiscing sem ac risus. Maecenas nisi. Cras semper.

Praesent interdum mollis neque. In egestas nulla eget pede. Integer eu purus sed diam dictum scelerisque. Morbi cursus velit et felis. Maecenas faucibus aliquet erat. In aliquet rhoncus tellus. Integer auctor nibh a nunc fringilla tempus. Cras turpis urna, dignissim vel, suscipit pulvinar, rutrum quis, sem. Ut lobortis convallis dui. Sed nonummy orci a justo. Morbi nec diam eget eros eleifend tincidunt.

Curabitur non elit. Pellentesque iaculis, nisl non aliquet adipiscing, purus urna aliquet orci, sed sodales pede neque at massa. Pellentesque laoreet, enim eget varius mollis, sapien erat suscipit metus, sit amet iaculis nulla sapien id felis. Aliquam erat volutpat. Nam congue nulla a ligula. Morbi tempor hendrerit erat. Curabitur augue. Vestibulum nulla est, commodo et, fringilla quis, bibendum eget, ipsum. Suspendisse pulvinar iaculis ante. Mauris dignissim ante quis nisi. Aliquam ante mi, aliquam et, pellentesque ac, dapibus et, enim. In vulputate justo vel magna. Phasellus imperdiet justo. Proin odio orci, dapibus id, porta a, pellentesque id, erat. Aliquam erat volutpat. Mauris nonummy varius libero. Sed dolor ipsum, tempor non, aliquet et, pulvinar quis, dui. Pellentesque mauris diam, lobortis id, varius varius, facilisis at, nulla.

Cras pede. Nullam id velit sit amet turpis tincidunt sagittis. Nunc malesuada. Nunc consequat scelerisque odio. Donec eu leo. Nunc pellentesque felis sed odio. Lorem ipsum dolor sit amet, consectetuer adipiscing elit. Vivamus lobortis metus in lectus. Cras mollis quam eget sapien. Pellentesque non lorem sit amet sem lacinia euismod.

Nulla eget diam eget leo imperdiet consequat. Morbi nunc magna, pellentesque eu, porta at, ultricies ut, neque. Vestibulum ante ipsum primis in faucibus orci luctus et ultrices posuere cubilia Curae; In tincidunt. Praesent ut orci id eros congue ultrices. Mauris non neque. Donec nulla ante, molestie sit amet, fermentum nec, blandit sit amet, purus. Fusce eget diam eu odio iaculis mollis. Phasellus consectetuer pede quis nisi. Proin non sem ut elit pulvinar faucibus. In a turpis nec augue fringilla elementum.

Nullam felis. Donec in nulla. Suspendisse sodales, turpis in suscipit ullamcorper, enim nunc sagittis risus, eu auctor velit tortor ut turpis. Mauris id augue at neque aliquam eleifend. Sed eget augue. Nunc faucibus ligula sed massa. Etiam non nulla. Etiam accumsan ullamcorper nisl. In pharetra massa at nunc. Nunc elementum. Duis sodales enim nec libero. Class aptent taciti sociosqu ad litora torquent per conubia nostra, per inceptos hymenaeos. Praesent dapibus eros sodales urna. Duis magna nisi, lobortis quis, tincidunt rutrum, posuere non, ipsum.

Aliquam convallis neque vitae diam. In diam. Cum sociis natoque penatibus et magnis dis parturient montes, nascetur ridiculus mus. Duis fermentum arcu in tortor. Sed nibh leo, rhoncus eu, fermentum et, scelerisque ac, massa. Cras id turpis. Etiam commodo sem luctus lorem. Morbi at mi. In rutrum. Aenean luctus pede euismod tortor. Phasellus dictum. Cras neque justo, venenatis sit amet, tristique et, vulputate in, dui. Etiam sed mi gravida sapien imperdiet dictum. Aliquam gravida orci a tortor. Donec tempor. Vestibulum ante ipsum primis in faucibus orci luctus et ultrices posuere cubilia Curae; Vivamus risus ante, pellentesque vitae, luctus eget, scelerisque sed, libero. Donec massa.

Donec libero mauris, volutpat at, convallis vel, laoreet euismod, augue. In accumsan malesuada risus. Mauris metus magna, condimentum in, nonummy non, ornare eu, velit. Cum sociis natoque penatibus et magnis dis parturient montes, nascetur ridiculus mus. Proin posuere. Proin rhoncus rutrum lorem. Phasellus dignissim massa non libero volutpat tincidunt. In hac habitasse platea dictumst. Phasellus eget eros. Nulla in nulla. Vivamus quis mauris. Maecenas pharetra rhoncus tellus. Sed sit amet lacus.

Quisque interdum felis a tellus. Aliquam sed diam ac velit aliquam rutrum. Morbi commodo, risus a pulvinar adipiscing, tortor pede posuere risus, ac ornare tellus massa nec lectus. Vivamus mollis metus ac sapien. Nam sed est a libero ullamcorper dapibus. Vestibulum ante ipsum primis in faucibus orci luctus et ultrices posuere cubilia Curae; Aenean a erat ac nibh accumsan volutpat. Phasellus pulvinar consequat turpis. Curabitur ante metus, tempus ut, consequat eu, sollicitudin sit amet, justo. Duis ut libero.]]></content:encoded>
		<excerpt:encoded><![CDATA[]]></excerpt:encoded>
		<wp:post_id>146</wp:post_id>
		<wp:post_date>2007-09-04 09:52:50</wp:post_date>
		<wp:post_date_gmt>2007-09-03 23:52:50</wp:post_date_gmt>
		<wp:comment_status>closed</wp:comment_status>
		<wp:ping_status>closed</wp:ping_status>
		<wp:post_name>lorem-ipsum</wp:post_name>
		<wp:status>publish</wp:status>
		<wp:post_parent>0</wp:post_parent>
		<wp:menu_order>0</wp:menu_order>
		<wp:post_type>page</wp:post_type>
		<wp:post_password></wp:post_password>
		<wp:is_sticky>0</wp:is_sticky>
	</item>
	<item>
		<title>test-image-landscape-900</title>
		<link>http://wptrunk/?attachment_id=534</link>
		<pubDate>Tue, 03 Aug 2010 16:44:14 +0000</pubDate>
		<dc:creator>admin</dc:creator>
		<guid isPermaLink="false">http://wptrunk/wp-content/uploads/2010/08/test-image-landscape-900.jpg</guid>
		<description></description>
		<content:encoded><![CDATA[]]></content:encoded>
		<excerpt:encoded><![CDATA[]]></excerpt:encoded>
		<wp:post_id>534</wp:post_id>
		<wp:post_date>2010-08-03 09:44:14</wp:post_date>
		<wp:post_date_gmt>2010-08-03 16:44:14</wp:post_date_gmt>
		<wp:comment_status>open</wp:comment_status>
		<wp:ping_status>closed</wp:ping_status>
		<wp:post_name>test-image-landscape-900</wp:post_name>
		<wp:status>inherit</wp:status>
		<wp:post_parent>128</wp:post_parent>
		<wp:menu_order>0</wp:menu_order>
		<wp:post_type>attachment</wp:post_type>
		<wp:post_password></wp:post_password>
		<wp:is_sticky>0</wp:is_sticky>
		<wp:attachment_url>http://wptrunk/wp-content/uploads/2010/08/test-image-landscape-900.jpg</wp:attachment_url>
		<wp:postmeta>
			<wp:meta_key>_wp_attached_file</wp:meta_key>
			<wp:meta_value><![CDATA[2010/08/test-image-landscape-900.jpg]]></wp:meta_value>
		</wp:postmeta>
		<wp:postmeta>
			<wp:meta_key>_wp_attachment_metadata</wp:meta_key>
			<wp:meta_value><![CDATA[a:6:{s:5:"width";s:3:"900";s:6:"height";s:3:"598";s:14:"hwstring_small";s:23:"height='85' width='128'";s:4:"file";s:36:"2010/08/test-image-landscape-900.jpg";s:5:"sizes";a:2:{s:9:"thumbnail";a:3:{s:4:"file";s:36:"test-image-landscape-900-150x150.jpg";s:5:"width";s:3:"150";s:6:"height";s:3:"150";}s:6:"medium";a:3:{s:4:"file";s:36:"test-image-landscape-900-300x199.jpg";s:5:"width";s:3:"300";s:6:"height";s:3:"199";}}s:10:"image_meta";a:10:{s:8:"aperture";s:1:"0";s:6:"credit";s:0:"";s:6:"camera";s:9:"NIKON D70";s:7:"caption";s:0:"";s:17:"created_timestamp";s:10:"1183237219";s:9:"copyright";s:0:"";s:12:"focal_length";s:1:"0";s:3:"iso";s:3:"200";s:13:"shutter_speed";s:16:"0.00133333333333";s:5:"title";s:0:"";}}]]></wp:meta_value>
		</wp:postmeta>
	</item>
	<item>
		<title>test-image-landscape</title>
		<link>http://wptrunk/?attachment_id=535</link>
		<pubDate>Tue, 03 Aug 2010 16:44:17 +0000</pubDate>
		<dc:creator>admin</dc:creator>
		<guid isPermaLink="false">http://wptrunk/wp-content/uploads/2010/08/test-image-landscape.jpg</guid>
		<description></description>
		<content:encoded><![CDATA[]]></content:encoded>
		<excerpt:encoded><![CDATA[]]></excerpt:encoded>
		<wp:post_id>535</wp:post_id>
		<wp:post_date>2010-08-03 09:44:17</wp:post_date>
		<wp:post_date_gmt>2010-08-03 16:44:17</wp:post_date_gmt>
		<wp:comment_status>open</wp:comment_status>
		<wp:ping_status>closed</wp:ping_status>
		<wp:post_name>test-image-landscape</wp:post_name>
		<wp:status>inherit</wp:status>
		<wp:post_parent>128</wp:post_parent>
		<wp:menu_order>0</wp:menu_order>
		<wp:post_type>attachment</wp:post_type>
		<wp:post_password></wp:post_password>
		<wp:is_sticky>0</wp:is_sticky>
		<wp:attachment_url>http://wptrunk/wp-content/uploads/2010/08/test-image-landscape.jpg</wp:attachment_url>
		<wp:postmeta>
			<wp:meta_key>_wp_attached_file</wp:meta_key>
			<wp:meta_value><![CDATA[2010/08/test-image-landscape.jpg]]></wp:meta_value>
		</wp:postmeta>
		<wp:postmeta>
			<wp:meta_key>_wp_attachment_metadata</wp:meta_key>
			<wp:meta_value><![CDATA[a:6:{s:5:"width";s:3:"300";s:6:"height";s:3:"199";s:14:"hwstring_small";s:23:"height='84' width='128'";s:4:"file";s:32:"2010/08/test-image-landscape.jpg";s:5:"sizes";a:1:{s:9:"thumbnail";a:3:{s:4:"file";s:32:"test-image-landscape-150x150.jpg";s:5:"width";s:3:"150";s:6:"height";s:3:"150";}}s:10:"image_meta";a:10:{s:8:"aperture";s:1:"0";s:6:"credit";s:0:"";s:6:"camera";s:9:"NIKON D70";s:7:"caption";s:0:"";s:17:"created_timestamp";s:10:"1183237219";s:9:"copyright";s:0:"";s:12:"focal_length";s:1:"0";s:3:"iso";s:3:"200";s:13:"shutter_speed";s:16:"0.00133333333333";s:5:"title";s:0:"";}}]]></wp:meta_value>
		</wp:postmeta>
	</item>
	<item>
		<title>test-image-portrait</title>
		<link>http://wptrunk/?attachment_id=536</link>
		<pubDate>Tue, 03 Aug 2010 16:44:19 +0000</pubDate>
		<dc:creator>admin</dc:creator>
		<guid isPermaLink="false">http://wptrunk/wp-content/uploads/2010/08/test-image-portrait.jpg</guid>
		<description></description>
		<content:encoded><![CDATA[]]></content:encoded>
		<excerpt:encoded><![CDATA[]]></excerpt:encoded>
		<wp:post_id>536</wp:post_id>
		<wp:post_date>2010-08-03 09:44:19</wp:post_date>
		<wp:post_date_gmt>2010-08-03 16:44:19</wp:post_date_gmt>
		<wp:comment_status>open</wp:comment_status>
		<wp:ping_status>closed</wp:ping_status>
		<wp:post_name>test-image-portrait</wp:post_name>
		<wp:status>inherit</wp:status>
		<wp:post_parent>128</wp:post_parent>
		<wp:menu_order>0</wp:menu_order>
		<wp:post_type>attachment</wp:post_type>
		<wp:post_password></wp:post_password>
		<wp:is_sticky>0</wp:is_sticky>
		<wp:attachment_url>http://wptrunk/wp-content/uploads/2010/08/test-image-portrait.jpg</wp:attachment_url>
		<wp:postmeta>
			<wp:meta_key>_wp_attached_file</wp:meta_key>
			<wp:meta_value><![CDATA[2010/08/test-image-portrait.jpg]]></wp:meta_value>
		</wp:postmeta>
		<wp:postmeta>
			<wp:meta_key>_wp_attachment_metadata</wp:meta_key>
			<wp:meta_value><![CDATA[a:6:{s:5:"width";s:3:"199";s:6:"height";s:3:"300";s:14:"hwstring_small";s:22:"height='96' width='63'";s:4:"file";s:31:"2010/08/test-image-portrait.jpg";s:5:"sizes";a:1:{s:9:"thumbnail";a:3:{s:4:"file";s:31:"test-image-portrait-150x150.jpg";s:5:"width";s:3:"150";s:6:"height";s:3:"150";}}s:10:"image_meta";a:10:{s:8:"aperture";s:1:"0";s:6:"credit";s:0:"";s:6:"camera";s:9:"NIKON D70";s:7:"caption";s:0:"";s:17:"created_timestamp";s:10:"1183237109";s:9:"copyright";s:0:"";s:12:"focal_length";s:1:"0";s:3:"iso";s:3:"200";s:13:"shutter_speed";s:16:"0.00133333333333";s:5:"title";s:0:"";}}]]></wp:meta_value>
		</wp:postmeta>
	</item>
	<item>
		<title>spectacles</title>
		<link>http://wptrunk/?attachment_id=543</link>
		<pubDate>Tue, 03 Aug 2010 20:50:47 +0000</pubDate>
		<dc:creator>admin</dc:creator>
		<guid isPermaLink="false">http://wptrunk/wp-content/uploads/2010/08/spectacles.gif</guid>
		<description></description>
		<content:encoded><![CDATA[]]></content:encoded>
		<excerpt:encoded><![CDATA[]]></excerpt:encoded>
		<wp:post_id>543</wp:post_id>
		<wp:post_date>2010-08-03 13:50:47</wp:post_date>
		<wp:post_date_gmt>2010-08-03 20:50:47</wp:post_date_gmt>
		<wp:comment_status>open</wp:comment_status>
		<wp:ping_status>closed</wp:ping_status>
		<wp:post_name>spectacles</wp:post_name>
		<wp:status>inherit</wp:status>
		<wp:post_parent>128</wp:post_parent>
		<wp:menu_order>0</wp:menu_order>
		<wp:post_type>attachment</wp:post_type>
		<wp:post_password></wp:post_password>
		<wp:is_sticky>0</wp:is_sticky>
		<wp:attachment_url>http://wptrunk/wp-content/uploads/2010/08/spectacles.gif</wp:attachment_url>
		<wp:postmeta>
			<wp:meta_key>_wp_attached_file</wp:meta_key>
			<wp:meta_value><![CDATA[2010/08/spectacles.gif]]></wp:meta_value>
		</wp:postmeta>
		<wp:postmeta>
			<wp:meta_key>_wp_attachment_metadata</wp:meta_key>
			<wp:meta_value><![CDATA[a:6:{s:5:"width";s:3:"165";s:6:"height";s:3:"210";s:14:"hwstring_small";s:22:"height='96' width='75'";s:4:"file";s:22:"2010/08/spectacles.gif";s:5:"sizes";a:1:{s:9:"thumbnail";a:3:{s:4:"file";s:22:"spectacles-150x150.gif";s:5:"width";s:3:"150";s:6:"height";s:3:"150";}}s:10:"image_meta";a:10:{s:8:"aperture";s:1:"0";s:6:"credit";s:0:"";s:6:"camera";s:0:"";s:7:"caption";s:0:"";s:17:"created_timestamp";s:1:"0";s:9:"copyright";s:0:"";s:12:"focal_length";s:1:"0";s:3:"iso";s:1:"0";s:13:"shutter_speed";s:1:"0";s:5:"title";s:0:"";}}]]></wp:meta_value>
		</wp:postmeta>
	</item>
	<item>
		<title>boat</title>
		<link>http://wptrunk/?attachment_id=544</link>
		<pubDate>Tue, 03 Aug 2010 20:52:35 +0000</pubDate>
		<dc:creator>admin</dc:creator>
		<guid isPermaLink="false">http://wptrunk/wp-content/uploads/2010/08/boat.jpg</guid>
		<description></description>
		<content:encoded><![CDATA[]]></content:encoded>
		<excerpt:encoded><![CDATA[A picture is worth a thousand words]]></excerpt:encoded>
		<wp:post_id>544</wp:post_id>
		<wp:post_date>2010-08-03 13:52:35</wp:post_date>
		<wp:post_date_gmt>2010-08-03 20:52:35</wp:post_date_gmt>
		<wp:comment_status>open</wp:comment_status>
		<wp:ping_status>closed</wp:ping_status>
		<wp:post_name>boat</wp:post_name>
		<wp:status>inherit</wp:status>
		<wp:post_parent>128</wp:post_parent>
		<wp:menu_order>0</wp:menu_order>
		<wp:post_type>attachment</wp:post_type>
		<wp:post_password></wp:post_password>
		<wp:is_sticky>0</wp:is_sticky>
		<wp:attachment_url>http://wptrunk/wp-content/uploads/2010/08/boat.jpg</wp:attachment_url>
		<wp:postmeta>
			<wp:meta_key>_wp_attached_file</wp:meta_key>
			<wp:meta_value><![CDATA[2010/08/boat.jpg]]></wp:meta_value>
		</wp:postmeta>
		<wp:postmeta>
			<wp:meta_key>_wp_attachment_metadata</wp:meta_key>
			<wp:meta_value><![CDATA[a:6:{s:5:"width";s:3:"435";s:6:"height";s:3:"288";s:14:"hwstring_small";s:23:"height='84' width='128'";s:4:"file";s:16:"2010/08/boat.jpg";s:5:"sizes";a:2:{s:9:"thumbnail";a:3:{s:4:"file";s:16:"boat-150x150.jpg";s:5:"width";s:3:"150";s:6:"height";s:3:"150";}s:6:"medium";a:3:{s:4:"file";s:16:"boat-300x198.jpg";s:5:"width";s:3:"300";s:6:"height";s:3:"198";}}s:10:"image_meta";a:10:{s:8:"aperture";s:1:"0";s:6:"credit";s:0:"";s:6:"camera";s:0:"";s:7:"caption";s:0:"";s:17:"created_timestamp";s:1:"0";s:9:"copyright";s:0:"";s:12:"focal_length";s:1:"0";s:3:"iso";s:1:"0";s:13:"shutter_speed";s:1:"0";s:5:"title";s:0:"";}}]]></wp:meta_value>
		</wp:postmeta>
	</item>
	<item>
		<title>HayseedRag--theDizzyTrio_vbr</title>
		<link>http://wptrunk/?attachment_id=591</link>
		<pubDate>Fri, 07 Jan 2011 11:51:48 +0000</pubDate>
		<dc:creator>admin</dc:creator>
		<guid isPermaLink="false">http://wptrunk/wp-content/uploads/2011/01/hayseedrag-thedizzytrio_vbr.mp3</guid>
		<description></description>
		<content:encoded><![CDATA[Victor # 19421-B The dizzy trio -novelty fox trot - Harmonica specialty by Borrah Minevitch - Harmonica,guitar,banjo, with Jew's harp and piano - issue date: May 1924. (<a href="http://www.archive.org/details/HayseedRag">public domain</a>)]]></content:encoded>
		<excerpt:encoded><![CDATA[Hayseed Rag - The Dizzy Trio]]></excerpt:encoded>
		<wp:post_id>591</wp:post_id>
		<wp:post_date>2011-01-07 04:51:48</wp:post_date>
		<wp:post_date_gmt>2011-01-07 11:51:48</wp:post_date_gmt>
		<wp:comment_status>open</wp:comment_status>
		<wp:ping_status>closed</wp:ping_status>
		<wp:post_name>hayseedrag-thedizzytrio_vbr</wp:post_name>
		<wp:status>inherit</wp:status>
		<wp:post_parent>0</wp:post_parent>
		<wp:menu_order>0</wp:menu_order>
		<wp:post_type>attachment</wp:post_type>
		<wp:post_password></wp:post_password>
		<wp:is_sticky>0</wp:is_sticky>
		<wp:attachment_url>http://wptrunk/wp-content/uploads/2011/01/hayseedrag-thedizzytrio_vbr.mp3</wp:attachment_url>
		<wp:postmeta>
			<wp:meta_key>_wp_attached_file</wp:meta_key>
			<wp:meta_value><![CDATA[2011/01/hayseedrag-thedizzytrio_vbr.mp3]]></wp:meta_value>
		</wp:postmeta>
		<wp:postmeta>
			<wp:meta_key>_wp_attachment_metadata</wp:meta_key>
			<wp:meta_value><![CDATA[a:0:{}]]></wp:meta_value>
		</wp:postmeta>
	</item>
	<item>
		<title>canola2</title>
		<link>http://wptrunk/?attachment_id=611</link>
		<pubDate>Mon, 10 Jan 2011 13:17:54 +0000</pubDate>
		<dc:creator>admin</dc:creator>
		<guid isPermaLink="false">http://wptrunk/wp-content/uploads/2011/01/canola2.jpg</guid>
		<description></description>
		<content:encoded><![CDATA[]]></content:encoded>
		<excerpt:encoded><![CDATA[]]></excerpt:encoded>
		<wp:post_id>611</wp:post_id>
		<wp:post_date>2011-01-10 06:17:54</wp:post_date>
		<wp:post_date_gmt>2011-01-10 13:17:54</wp:post_date_gmt>
		<wp:comment_status>open</wp:comment_status>
		<wp:ping_status>closed</wp:ping_status>
		<wp:post_name>canola2</wp:post_name>
		<wp:status>inherit</wp:status>
		<wp:post_parent>555</wp:post_parent>
		<wp:menu_order>0</wp:menu_order>
		<wp:post_type>attachment</wp:post_type>
		<wp:post_password></wp:post_password>
		<wp:is_sticky>0</wp:is_sticky>
		<wp:attachment_url>http://wptrunk/wp-content/uploads/2011/01/canola2.jpg</wp:attachment_url>
		<wp:postmeta>
			<wp:meta_key>_wp_attached_file</wp:meta_key>
			<wp:meta_value><![CDATA[2011/01/canola2.jpg]]></wp:meta_value>
		</wp:postmeta>
		<wp:postmeta>
			<wp:meta_key>_wp_attachment_metadata</wp:meta_key>
			<wp:meta_value><![CDATA[a:6:{s:5:"width";s:3:"640";s:6:"height";s:3:"480";s:14:"hwstring_small";s:23:"height='96' width='128'";s:4:"file";s:19:"2011/01/canola2.jpg";s:5:"sizes";a:2:{s:9:"thumbnail";a:3:{s:4:"file";s:19:"canola2-150x150.jpg";s:5:"width";s:3:"150";s:6:"height";s:3:"150";}s:6:"medium";a:3:{s:4:"file";s:19:"canola2-300x225.jpg";s:5:"width";s:3:"300";s:6:"height";s:3:"225";}}s:10:"image_meta";a:10:{s:8:"aperture";s:3:"5.6";s:6:"credit";s:0:"";s:6:"camera";s:18:"Canon PowerShot G2";s:7:"caption";s:0:"";s:17:"created_timestamp";s:10:"1094915268";s:9:"copyright";s:0:"";s:12:"focal_length";s:7:"16.8125";s:3:"iso";s:1:"0";s:13:"shutter_speed";s:9:"0.0015625";s:5:"title";s:0:"";}}]]></wp:meta_value>
		</wp:postmeta>
		<wp:postmeta>
			<wp:meta_key>_wp_attachment_image_alt</wp:meta_key>
			<wp:meta_value><![CDATA[canola]]></wp:meta_value>
		</wp:postmeta>
	</item>
	<item>
		<title>dsc20040724_152504_532</title>
		<link>http://wptrunk/?attachment_id=612</link>
		<pubDate>Mon, 10 Jan 2011 13:18:34 +0000</pubDate>
		<dc:creator>admin</dc:creator>
		<guid isPermaLink="false">http://wptrunk/wp-content/uploads/2011/01/dsc20040724_152504_532.jpg</guid>
		<description></description>
		<content:encoded><![CDATA[]]></content:encoded>
		<excerpt:encoded><![CDATA[Chunk of resinous blackboy husk, Clarkson, Western Australia. This burns like a spinifex log.]]></excerpt:encoded>
		<wp:post_id>612</wp:post_id>
		<wp:post_date>2011-01-10 06:18:34</wp:post_date>
		<wp:post_date_gmt>2011-01-10 13:18:34</wp:post_date_gmt>
		<wp:comment_status>open</wp:comment_status>
		<wp:ping_status>closed</wp:ping_status>
		<wp:post_name>dsc20040724_152504_532</wp:post_name>
		<wp:status>inherit</wp:status>
		<wp:post_parent>555</wp:post_parent>
		<wp:menu_order>0</wp:menu_order>
		<wp:post_type>attachment</wp:post_type>
		<wp:post_password></wp:post_password>
		<wp:is_sticky>0</wp:is_sticky>
		<wp:attachment_url>http://wptrunk/wp-content/uploads/2011/01/dsc20040724_152504_532.jpg</wp:attachment_url>
		<wp:postmeta>
			<wp:meta_key>_wp_attached_file</wp:meta_key>
			<wp:meta_value><![CDATA[2011/01/dsc20040724_152504_532.jpg]]></wp:meta_value>
		</wp:postmeta>
		<wp:postmeta>
			<wp:meta_key>_wp_attachment_metadata</wp:meta_key>
			<wp:meta_value><![CDATA[a:6:{s:5:"width";s:3:"640";s:6:"height";s:3:"480";s:14:"hwstring_small";s:23:"height='96' width='128'";s:4:"file";s:34:"2011/01/dsc20040724_152504_532.jpg";s:5:"sizes";a:2:{s:9:"thumbnail";a:3:{s:4:"file";s:34:"dsc20040724_152504_532-150x150.jpg";s:5:"width";s:3:"150";s:6:"height";s:3:"150";}s:6:"medium";a:3:{s:4:"file";s:34:"dsc20040724_152504_532-300x225.jpg";s:5:"width";s:3:"300";s:6:"height";s:3:"225";}}s:10:"image_meta";a:10:{s:8:"aperture";s:1:"2";s:6:"credit";s:0:"";s:6:"camera";s:9:"CYBERSHOT";s:7:"caption";s:0:"";s:17:"created_timestamp";s:10:"1090682704";s:9:"copyright";s:0:"";s:12:"focal_length";s:3:"9.7";s:3:"iso";s:3:"100";s:13:"shutter_speed";s:4:"0.02";s:5:"title";s:0:"";}}]]></wp:meta_value>
		</wp:postmeta>
		<wp:postmeta>
			<wp:meta_key>_wp_attachment_image_alt</wp:meta_key>
			<wp:meta_value><![CDATA[chunk of resinous blackboy husk]]></wp:meta_value>
		</wp:postmeta>
	</item>
	<item>
		<title>dsc20050315_145007_132</title>
		<link>http://wptrunk/?attachment_id=613</link>
		<pubDate>Mon, 10 Jan 2011 13:19:10 +0000</pubDate>
		<dc:creator>admin</dc:creator>
		<guid isPermaLink="false">http://wptrunk/wp-content/uploads/2011/01/dsc20050315_145007_132.jpg</guid>
		<description></description>
		<content:encoded><![CDATA[]]></content:encoded>
		<excerpt:encoded><![CDATA[]]></excerpt:encoded>
		<wp:post_id>613</wp:post_id>
		<wp:post_date>2011-01-10 06:19:10</wp:post_date>
		<wp:post_date_gmt>2011-01-10 13:19:10</wp:post_date_gmt>
		<wp:comment_status>open</wp:comment_status>
		<wp:ping_status>closed</wp:ping_status>
		<wp:post_name>dsc20050315_145007_132</wp:post_name>
		<wp:status>inherit</wp:status>
		<wp:post_parent>555</wp:post_parent>
		<wp:menu_order>0</wp:menu_order>
		<wp:post_type>attachment</wp:post_type>
		<wp:post_password></wp:post_password>
		<wp:is_sticky>0</wp:is_sticky>
		<wp:attachment_url>http://wptrunk/wp-content/uploads/2011/01/dsc20050315_145007_132.jpg</wp:attachment_url>
		<wp:postmeta>
			<wp:meta_key>_wp_attached_file</wp:meta_key>
			<wp:meta_value><![CDATA[2011/01/dsc20050315_145007_132.jpg]]></wp:meta_value>
		</wp:postmeta>
		<wp:postmeta>
			<wp:meta_key>_wp_attachment_metadata</wp:meta_key>
			<wp:meta_value><![CDATA[a:6:{s:5:"width";s:3:"640";s:6:"height";s:3:"480";s:14:"hwstring_small";s:23:"height='96' width='128'";s:4:"file";s:34:"2011/01/dsc20050315_145007_132.jpg";s:5:"sizes";a:2:{s:9:"thumbnail";a:3:{s:4:"file";s:34:"dsc20050315_145007_132-150x150.jpg";s:5:"width";s:3:"150";s:6:"height";s:3:"150";}s:6:"medium";a:3:{s:4:"file";s:34:"dsc20050315_145007_132-300x225.jpg";s:5:"width";s:3:"300";s:6:"height";s:3:"225";}}s:10:"image_meta";a:10:{s:8:"aperture";s:3:"2.2";s:6:"credit";s:0:"";s:6:"camera";s:9:"CYBERSHOT";s:7:"caption";s:0:"";s:17:"created_timestamp";s:10:"1110898207";s:9:"copyright";s:0:"";s:12:"focal_length";s:3:"9.7";s:3:"iso";s:3:"100";s:13:"shutter_speed";s:5:"0.008";s:5:"title";s:0:"";}}]]></wp:meta_value>
		</wp:postmeta>
		<wp:postmeta>
			<wp:meta_key>_wp_attachment_image_alt</wp:meta_key>
			<wp:meta_value><![CDATA[dsc20050315_145007_132]]></wp:meta_value>
		</wp:postmeta>
	</item>
	<item>
		<title>dsc20050604_133440_3421</title>
		<link>http://wptrunk/?attachment_id=615</link>
		<pubDate>Mon, 10 Jan 2011 13:20:16 +0000</pubDate>
		<dc:creator>admin</dc:creator>
		<guid isPermaLink="false">http://wptrunk/wp-content/uploads/2011/01/dsc20050604_133440_3421.jpg</guid>
		<description></description>
		<content:encoded><![CDATA[]]></content:encoded>
		<excerpt:encoded><![CDATA[]]></excerpt:encoded>
		<wp:post_id>615</wp:post_id>
		<wp:post_date>2011-01-10 06:20:16</wp:post_date>
		<wp:post_date_gmt>2011-01-10 13:20:16</wp:post_date_gmt>
		<wp:comment_status>open</wp:comment_status>
		<wp:ping_status>closed</wp:ping_status>
		<wp:post_name>dsc20050604_133440_3421</wp:post_name>
		<wp:status>inherit</wp:status>
		<wp:post_parent>555</wp:post_parent>
		<wp:menu_order>0</wp:menu_order>
		<wp:post_type>attachment</wp:post_type>
		<wp:post_password></wp:post_password>
		<wp:is_sticky>0</wp:is_sticky>
		<wp:attachment_url>http://wptrunk/wp-content/uploads/2011/01/dsc20050604_133440_3421.jpg</wp:attachment_url>
		<wp:postmeta>
			<wp:meta_key>_wp_attached_file</wp:meta_key>
			<wp:meta_value><![CDATA[2011/01/dsc20050604_133440_3421.jpg]]></wp:meta_value>
		</wp:postmeta>
		<wp:postmeta>
			<wp:meta_key>_wp_attachment_metadata</wp:meta_key>
			<wp:meta_value><![CDATA[a:6:{s:5:"width";s:3:"640";s:6:"height";s:3:"480";s:14:"hwstring_small";s:23:"height='96' width='128'";s:4:"file";s:35:"2011/01/dsc20050604_133440_3421.jpg";s:5:"sizes";a:2:{s:9:"thumbnail";a:3:{s:4:"file";s:35:"dsc20050604_133440_3421-150x150.jpg";s:5:"width";s:3:"150";s:6:"height";s:3:"150";}s:6:"medium";a:3:{s:4:"file";s:35:"dsc20050604_133440_3421-300x225.jpg";s:5:"width";s:3:"300";s:6:"height";s:3:"225";}}s:10:"image_meta";a:10:{s:8:"aperture";s:1:"2";s:6:"credit";s:0:"";s:6:"camera";s:9:"CYBERSHOT";s:7:"caption";s:0:"";s:17:"created_timestamp";s:10:"1117892080";s:9:"copyright";s:0:"";s:12:"focal_length";s:3:"9.7";s:3:"iso";s:3:"100";s:13:"shutter_speed";s:6:"0.0125";s:5:"title";s:0:"";}}]]></wp:meta_value>
		</wp:postmeta>
		<wp:postmeta>
			<wp:meta_key>_wp_attachment_image_alt</wp:meta_key>
			<wp:meta_value><![CDATA[dsc20050604_133440_3421]]></wp:meta_value>
		</wp:postmeta>
	</item>
	<item>
		<title>dsc20050727_091048_222</title>
		<link>http://wptrunk/?attachment_id=616</link>
		<pubDate>Mon, 10 Jan 2011 13:20:37 +0000</pubDate>
		<dc:creator>admin</dc:creator>
		<guid isPermaLink="false">http://wptrunk/wp-content/uploads/2011/01/dsc20050727_091048_222.jpg</guid>
		<description></description>
		<content:encoded><![CDATA[]]></content:encoded>
		<excerpt:encoded><![CDATA[]]></excerpt:encoded>
		<wp:post_id>616</wp:post_id>
		<wp:post_date>2011-01-10 06:20:37</wp:post_date>
		<wp:post_date_gmt>2011-01-10 13:20:37</wp:post_date_gmt>
		<wp:comment_status>open</wp:comment_status>
		<wp:ping_status>closed</wp:ping_status>
		<wp:post_name>dsc20050727_091048_222</wp:post_name>
		<wp:status>inherit</wp:status>
		<wp:post_parent>555</wp:post_parent>
		<wp:menu_order>0</wp:menu_order>
		<wp:post_type>attachment</wp:post_type>
		<wp:post_password></wp:post_password>
		<wp:is_sticky>0</wp:is_sticky>
		<wp:attachment_url>http://wptrunk/wp-content/uploads/2011/01/dsc20050727_091048_222.jpg</wp:attachment_url>
		<wp:postmeta>
			<wp:meta_key>_wp_attached_file</wp:meta_key>
			<wp:meta_value><![CDATA[2011/01/dsc20050727_091048_222.jpg]]></wp:meta_value>
		</wp:postmeta>
		<wp:postmeta>
			<wp:meta_key>_wp_attachment_metadata</wp:meta_key>
			<wp:meta_value><![CDATA[a:6:{s:5:"width";s:3:"640";s:6:"height";s:3:"480";s:14:"hwstring_small";s:23:"height='96' width='128'";s:4:"file";s:34:"2011/01/dsc20050727_091048_222.jpg";s:5:"sizes";a:2:{s:9:"thumbnail";a:3:{s:4:"file";s:34:"dsc20050727_091048_222-150x150.jpg";s:5:"width";s:3:"150";s:6:"height";s:3:"150";}s:6:"medium";a:3:{s:4:"file";s:34:"dsc20050727_091048_222-300x225.jpg";s:5:"width";s:3:"300";s:6:"height";s:3:"225";}}s:10:"image_meta";a:10:{s:8:"aperture";s:1:"4";s:6:"credit";s:0:"";s:6:"camera";s:9:"CYBERSHOT";s:7:"caption";s:0:"";s:17:"created_timestamp";s:10:"1122455448";s:9:"copyright";s:0:"";s:12:"focal_length";s:3:"9.7";s:3:"iso";s:3:"100";s:13:"shutter_speed";s:5:"0.004";s:5:"title";s:0:"";}}]]></wp:meta_value>
		</wp:postmeta>
		<wp:postmeta>
			<wp:meta_key>_wp_attachment_image_alt</wp:meta_key>
			<wp:meta_value><![CDATA[dsc20050727_091048_222]]></wp:meta_value>
		</wp:postmeta>
	</item>
	<item>
		<title>dsc20050813_115856_52</title>
		<link>http://wptrunk/?attachment_id=617</link>
		<pubDate>Mon, 10 Jan 2011 13:20:57 +0000</pubDate>
		<dc:creator>admin</dc:creator>
		<guid isPermaLink="false">http://wptrunk/wp-content/uploads/2011/01/dsc20050813_115856_52.jpg</guid>
		<description></description>
		<content:encoded><![CDATA[]]></content:encoded>
		<excerpt:encoded><![CDATA[]]></excerpt:encoded>
		<wp:post_id>617</wp:post_id>
		<wp:post_date>2011-01-10 06:20:57</wp:post_date>
		<wp:post_date_gmt>2011-01-10 13:20:57</wp:post_date_gmt>
		<wp:comment_status>open</wp:comment_status>
		<wp:ping_status>closed</wp:ping_status>
		<wp:post_name>dsc20050813_115856_52</wp:post_name>
		<wp:status>inherit</wp:status>
		<wp:post_parent>555</wp:post_parent>
		<wp:menu_order>0</wp:menu_order>
		<wp:post_type>attachment</wp:post_type>
		<wp:post_password></wp:post_password>
		<wp:is_sticky>0</wp:is_sticky>
		<wp:attachment_url>http://wptrunk/wp-content/uploads/2011/01/dsc20050813_115856_52.jpg</wp:attachment_url>
		<wp:postmeta>
			<wp:meta_key>_wp_attached_file</wp:meta_key>
			<wp:meta_value><![CDATA[2011/01/dsc20050813_115856_52.jpg]]></wp:meta_value>
		</wp:postmeta>
		<wp:postmeta>
			<wp:meta_key>_wp_attachment_metadata</wp:meta_key>
			<wp:meta_value><![CDATA[a:6:{s:5:"width";s:3:"640";s:6:"height";s:3:"480";s:14:"hwstring_small";s:23:"height='96' width='128'";s:4:"file";s:33:"2011/01/dsc20050813_115856_52.jpg";s:5:"sizes";a:2:{s:9:"thumbnail";a:3:{s:4:"file";s:33:"dsc20050813_115856_52-150x150.jpg";s:5:"width";s:3:"150";s:6:"height";s:3:"150";}s:6:"medium";a:3:{s:4:"file";s:33:"dsc20050813_115856_52-300x225.jpg";s:5:"width";s:3:"300";s:6:"height";s:3:"225";}}s:10:"image_meta";a:10:{s:8:"aperture";s:3:"3.2";s:6:"credit";s:0:"";s:6:"camera";s:9:"CYBERSHOT";s:7:"caption";s:0:"";s:17:"created_timestamp";s:10:"1123934337";s:9:"copyright";s:0:"";s:12:"focal_length";s:3:"9.7";s:3:"iso";s:3:"100";s:13:"shutter_speed";s:5:"0.008";s:5:"title";s:0:"";}}]]></wp:meta_value>
		</wp:postmeta>
		<wp:postmeta>
			<wp:meta_key>_wp_attachment_image_alt</wp:meta_key>
			<wp:meta_value><![CDATA[dsc20050813_115856_52]]></wp:meta_value>
		</wp:postmeta>
	</item>
	<item>
		<title>dsc20050831_165238_332</title>
		<link>http://wptrunk/?attachment_id=618</link>
		<pubDate>Mon, 10 Jan 2011 13:21:14 +0000</pubDate>
		<dc:creator>admin</dc:creator>
		<guid isPermaLink="false">http://wptrunk/wp-content/uploads/2011/01/dsc20050831_165238_332.jpg</guid>
		<description></description>
		<content:encoded><![CDATA[]]></content:encoded>
		<excerpt:encoded><![CDATA[]]></excerpt:encoded>
		<wp:post_id>618</wp:post_id>
		<wp:post_date>2011-01-10 06:21:14</wp:post_date>
		<wp:post_date_gmt>2011-01-10 13:21:14</wp:post_date_gmt>
		<wp:comment_status>open</wp:comment_status>
		<wp:ping_status>closed</wp:ping_status>
		<wp:post_name>dsc20050831_165238_332</wp:post_name>
		<wp:status>inherit</wp:status>
		<wp:post_parent>555</wp:post_parent>
		<wp:menu_order>0</wp:menu_order>
		<wp:post_type>attachment</wp:post_type>
		<wp:post_password></wp:post_password>
		<wp:is_sticky>0</wp:is_sticky>
		<wp:attachment_url>http://wptrunk/wp-content/uploads/2011/01/dsc20050831_165238_332.jpg</wp:attachment_url>
		<wp:postmeta>
			<wp:meta_key>_wp_attached_file</wp:meta_key>
			<wp:meta_value><![CDATA[2011/01/dsc20050831_165238_332.jpg]]></wp:meta_value>
		</wp:postmeta>
		<wp:postmeta>
			<wp:meta_key>_wp_attachment_metadata</wp:meta_key>
			<wp:meta_value><![CDATA[a:6:{s:5:"width";s:3:"640";s:6:"height";s:3:"480";s:14:"hwstring_small";s:23:"height='96' width='128'";s:4:"file";s:34:"2011/01/dsc20050831_165238_332.jpg";s:5:"sizes";a:2:{s:9:"thumbnail";a:3:{s:4:"file";s:34:"dsc20050831_165238_332-150x150.jpg";s:5:"width";s:3:"150";s:6:"height";s:3:"150";}s:6:"medium";a:3:{s:4:"file";s:34:"dsc20050831_165238_332-300x225.jpg";s:5:"width";s:3:"300";s:6:"height";s:3:"225";}}s:10:"image_meta";a:10:{s:8:"aperture";s:1:"2";s:6:"credit";s:0:"";s:6:"camera";s:9:"CYBERSHOT";s:7:"caption";s:0:"";s:17:"created_timestamp";s:10:"1125507159";s:9:"copyright";s:0:"";s:12:"focal_length";s:3:"9.7";s:3:"iso";s:3:"100";s:13:"shutter_speed";s:15:"0.0166666666667";s:5:"title";s:0:"";}}]]></wp:meta_value>
		</wp:postmeta>
		<wp:postmeta>
			<wp:meta_key>_wp_attachment_image_alt</wp:meta_key>
			<wp:meta_value><![CDATA[dsc20050831_165238_332]]></wp:meta_value>
		</wp:postmeta>
	</item>
	<item>
		<title>dsc20050901_105100_212</title>
		<link>http://wptrunk/?attachment_id=619</link>
		<pubDate>Mon, 10 Jan 2011 13:21:50 +0000</pubDate>
		<dc:creator>admin</dc:creator>
		<guid isPermaLink="false">http://wptrunk/wp-content/uploads/2011/01/dsc20050901_105100_212.jpg</guid>
		<description></description>
		<content:encoded><![CDATA[]]></content:encoded>
		<excerpt:encoded><![CDATA[Seed pods on stem, Woodvale]]></excerpt:encoded>
		<wp:post_id>619</wp:post_id>
		<wp:post_date>2011-01-10 06:21:50</wp:post_date>
		<wp:post_date_gmt>2011-01-10 13:21:50</wp:post_date_gmt>
		<wp:comment_status>open</wp:comment_status>
		<wp:ping_status>closed</wp:ping_status>
		<wp:post_name>dsc20050901_105100_212</wp:post_name>
		<wp:status>inherit</wp:status>
		<wp:post_parent>555</wp:post_parent>
		<wp:menu_order>0</wp:menu_order>
		<wp:post_type>attachment</wp:post_type>
		<wp:post_password></wp:post_password>
		<wp:is_sticky>0</wp:is_sticky>
		<wp:attachment_url>http://wptrunk/wp-content/uploads/2011/01/dsc20050901_105100_212.jpg</wp:attachment_url>
		<wp:postmeta>
			<wp:meta_key>_wp_attached_file</wp:meta_key>
			<wp:meta_value><![CDATA[2011/01/dsc20050901_105100_212.jpg]]></wp:meta_value>
		</wp:postmeta>
		<wp:postmeta>
			<wp:meta_key>_wp_attachment_metadata</wp:meta_key>
			<wp:meta_value><![CDATA[a:6:{s:5:"width";s:3:"640";s:6:"height";s:3:"480";s:14:"hwstring_small";s:23:"height='96' width='128'";s:4:"file";s:34:"2011/01/dsc20050901_105100_212.jpg";s:5:"sizes";a:2:{s:9:"thumbnail";a:3:{s:4:"file";s:34:"dsc20050901_105100_212-150x150.jpg";s:5:"width";s:3:"150";s:6:"height";s:3:"150";}s:6:"medium";a:3:{s:4:"file";s:34:"dsc20050901_105100_212-300x225.jpg";s:5:"width";s:3:"300";s:6:"height";s:3:"225";}}s:10:"image_meta";a:10:{s:8:"aperture";s:1:"4";s:6:"credit";s:0:"";s:6:"camera";s:9:"CYBERSHOT";s:7:"caption";s:0:"";s:17:"created_timestamp";s:10:"1125571860";s:9:"copyright";s:0:"";s:12:"focal_length";s:2:"10";s:3:"iso";s:3:"100";s:13:"shutter_speed";s:6:"0.0025";s:5:"title";s:0:"";}}]]></wp:meta_value>
		</wp:postmeta>
		<wp:postmeta>
			<wp:meta_key>_wp_attachment_image_alt</wp:meta_key>
			<wp:meta_value><![CDATA[Seed pods on stem, Woodvale]]></wp:meta_value>
		</wp:postmeta>
	</item>
	<item>
		<title>Hayseed Rag – The Dizzy Trio</title>
		<link>http://wptrunk/?attachment_id=622</link>
		<pubDate>Mon, 10 Jan 2011 17:18:14 +0000</pubDate>
		<dc:creator>admin</dc:creator>
		<guid isPermaLink="false">http://wptrunk/wp-content/uploads/2011/01/hayseedrag-thedizzytrio_vbr1.mp3</guid>
		<description></description>
		<content:encoded><![CDATA[Victor # 19421-B The dizzy trio -novelty fox trot – Harmonica specialty by Borrah Minevitch – Harmonica,guitar,banjo, with Jew’s harp and piano – issue date: May 1924. (<a href="http://www.archive.org/details/HayseedRag">public domain</a>)]]></content:encoded>
		<excerpt:encoded><![CDATA[Hayseed Rag – The Dizzy Trio]]></excerpt:encoded>
		<wp:post_id>622</wp:post_id>
		<wp:post_date>2011-01-10 10:18:14</wp:post_date>
		<wp:post_date_gmt>2011-01-10 17:18:14</wp:post_date_gmt>
		<wp:comment_status>open</wp:comment_status>
		<wp:ping_status>closed</wp:ping_status>
		<wp:post_name>hayseedrag-thedizzytrio_vbr-2</wp:post_name>
		<wp:status>inherit</wp:status>
		<wp:post_parent>0</wp:post_parent>
		<wp:menu_order>0</wp:menu_order>
		<wp:post_type>attachment</wp:post_type>
		<wp:post_password></wp:post_password>
		<wp:is_sticky>0</wp:is_sticky>
		<wp:attachment_url>http://wptrunk/wp-content/uploads/2011/01/hayseedrag-thedizzytrio_vbr1.mp3</wp:attachment_url>
		<wp:postmeta>
			<wp:meta_key>_wp_attached_file</wp:meta_key>
			<wp:meta_value><![CDATA[2011/01/hayseedrag-thedizzytrio_vbr1.mp3]]></wp:meta_value>
		</wp:postmeta>
		<wp:postmeta>
			<wp:meta_key>_wp_attachment_metadata</wp:meta_key>
			<wp:meta_value><![CDATA[a:0:{}]]></wp:meta_value>
		</wp:postmeta>
	</item>
	<item>
		<title>boat</title>
		<link>http://wptrunk/?attachment_id=676</link>
		<pubDate>Tue, 11 Jan 2011 16:43:06 +0000</pubDate>
		<dc:creator>admin</dc:creator>
		<guid isPermaLink="false">http://wptrunk/wp-content/uploads/2011/01/boat.jpg</guid>
		<description></description>
		<content:encoded><![CDATA[]]></content:encoded>
		<excerpt:encoded><![CDATA[A picture is worth a thousand words]]></excerpt:encoded>
		<wp:post_id>676</wp:post_id>
		<wp:post_date>2011-01-11 09:43:06</wp:post_date>
		<wp:post_date_gmt>2011-01-11 16:43:06</wp:post_date_gmt>
		<wp:comment_status>open</wp:comment_status>
		<wp:ping_status>closed</wp:ping_status>
		<wp:post_name>boat-2</wp:post_name>
		<wp:status>inherit</wp:status>
		<wp:post_parent>0</wp:post_parent>
		<wp:menu_order>0</wp:menu_order>
		<wp:post_type>attachment</wp:post_type>
		<wp:post_password></wp:post_password>
		<wp:is_sticky>0</wp:is_sticky>
		<wp:attachment_url>http://wptrunk/wp-content/uploads/2011/01/boat.jpg</wp:attachment_url>
		<wp:postmeta>
			<wp:meta_key>_wp_attached_file</wp:meta_key>
			<wp:meta_value><![CDATA[2011/01/boat.jpg]]></wp:meta_value>
		</wp:postmeta>
		<wp:postmeta>
			<wp:meta_key>_wp_attachment_metadata</wp:meta_key>
			<wp:meta_value><![CDATA[a:6:{s:5:"width";s:3:"435";s:6:"height";s:3:"288";s:14:"hwstring_small";s:23:"height='84' width='128'";s:4:"file";s:16:"2011/01/boat.jpg";s:5:"sizes";a:2:{s:9:"thumbnail";a:3:{s:4:"file";s:16:"boat-150x150.jpg";s:5:"width";s:3:"150";s:6:"height";s:3:"150";}s:6:"medium";a:3:{s:4:"file";s:16:"boat-300x198.jpg";s:5:"width";s:3:"300";s:6:"height";s:3:"198";}}s:10:"image_meta";a:10:{s:8:"aperture";s:1:"0";s:6:"credit";s:0:"";s:6:"camera";s:0:"";s:7:"caption";s:0:"";s:17:"created_timestamp";s:1:"0";s:9:"copyright";s:0:"";s:12:"focal_length";s:1:"0";s:3:"iso";s:1:"0";s:13:"shutter_speed";s:1:"0";s:5:"title";s:0:"";}}]]></wp:meta_value>
		</wp:postmeta>
		<wp:postmeta>
			<wp:meta_key>_wp_attachment_image_alt</wp:meta_key>
			<wp:meta_value><![CDATA[boat]]></wp:meta_value>
		</wp:postmeta>
	</item>
	<item>
		<title>Hello world!</title>
		<link>http://wptrunk/?p=1</link>
		<pubDate>Thu, 22 Sep 2011 20:53:39 +0000</pubDate>
		<dc:creator>admin</dc:creator>
		<guid isPermaLink="false">http://local-trunk.jaredatchison.com/?p=1</guid>
		<description></description>
		<content:encoded><![CDATA[Lorem <strong>ipsum</strong> dolor <em>sit amet</em>, <del>consectetuer</del> adipiscing elit. <a href="http://wordpress.org">Morbi commodo</a>, ipsum sed <span style="text-decoration: underline;">pharetra</span> gravida, orci magna rhoncus neque, id pulvinar odio lorem non turpis. Nullam sit amet enim. Suspendisse id velit vitae ligula volutpat condimentum. Aliquam erat volutpat.
<h1>Header level one</h1>
Sed quis velit. Nulla facilisi. Nulla libero. Vivamus pharetra posuere sapien. Nam consectetuer. Sed aliquam, nunc eget euismod ullamcorper, lectus nunc ullamcorper orci, fermentum bibendum enim nibh eget ipsum. Donec porttitor ligula eu dolor. Maecenas vitae nulla consequat libero cursus venenatis. Nam magna enim, accumsan eu, blandit sed, blandit a, eros.
<h2>Header level two</h2>
Quisque facilisis erat a dui. Nam malesuada ornare dolor. Cras gravida, diam sit amet rhoncus ornare, erat elit consectetuer erat, id egestas pede nibh eget odio. Proin tincidunt, velit vel porta elementum, magna diam molestie sapien, non aliquet massa pede eu diam. Aliquam iaculis. Fusce et ipsum et nulla tristique facilisis. Donec eget sem sit amet ligula viverra gravida. Etiam vehicula urna vel turpis. Suspendisse sagittis ante a urna. Morbi a est quis orci consequat rutrum.
<h3>Header level three</h3>
Nullam egestas feugiat felis. Integer adipiscing semper ligula. Nunc molestie, nisl sit amet cursus convallis, sapien lectus pretium metus, vitae pretium enim wisi id lectus. Donec vestibulum. Etiam vel nibh. Nulla facilisi. Mauris pharetra. Donec augue. Fusce ultrices, neque id dignissim ultrices, tellus mauris dictum elit, vel lacinia enim metus eu nunc.
<h4>Header level four</h4>
Proin at eros non eros adipiscing mollis. Donec semper turpis sed diam. Sed consequat ligula nec tortor. Integer eget sem. Ut vitae enim eu est vehicula gravida. Morbi ipsum ipsum, porta nec, tempor id, auctor vitae, purus. Pellentesque neque. Nulla luctus erat vitae libero. Integer nec enim.
<h5>Header level five</h5>
Phasellus aliquam enim et tortor. Quisque aliquet, quam elementum condimentum feugiat, tellus odio consectetuer wisi, vel nonummy sem neque in elit. Curabitur eleifend wisi iaculis ipsum. Pellentesque habitant morbi tristique senectus et netus et malesuada fames ac turpis egestas. In non velit non ligula laoreet ultrices. Praesent ultricies facilisis nisl. Vivamus luctus elit sit amet mi. Phasellus pellentesque, erat eget elementum volutpat, dolor nisl porta neque, vitae sodales ipsum nibh in ligula. Maecenas mattis pulvinar diam. Curabitur sed leo.
<h6>Header level six</h6>
Nulla facilisi. In vel sem. Morbi id urna in diam dignissim feugiat. Proin molestie tortor eu velit. Aliquam erat volutpat. Nullam ultrices, diam tempus vulputate egestas, eros pede varius leo, sed imperdiet lectus est ornare odio. Lorem ipsum dolor sit amet, consectetuer adipiscing elit. Proin consectetuer velit in dui.
<blockquote>This is a block quote! Phasellus wisi purus, interdum vitae, rutrum accumsan, viverra in, velit. Sed enim risus, congue non, tristique in, commodo eu, metus. Aenean tortor mi, imperdiet id, gravida eu, posuere eu, felis. Mauris sollicitudin, turpis in hendrerit sodales, lectus ipsum pellentesque ligula, sit amet scelerisque urna nibh ut arcu. Aliquam in lacus.</blockquote>
Vestibulum ante ipsum primis in faucibus orci luctus et ultrices posuere cubilia Curae; Nulla placerat aliquam wisi. Mauris viverra odio. Quisque fermentum pulvinar odio. Proin posuere est vitae ligula. Etiam euismod. Cras a eros.
<h2>Table Layout Test</h2>
<table class="statsDay">
<tbody>
<tr>
<th>Title</th>
<th class="views">Views</th>
<th></th>
</tr>
<tr class="alternate">
<td class="label"><a href="http://wpthemetestdata.wordpress.com/about/">About Test User</a></td>
<td class="views">1</td>
<td class="more">More</td>
</tr>
<tr>
<td class="label"><a href="http://wpthemetestdata.wordpress.com/">260</a></td>
<td class="views">1</td>
<td class="more">More</td>
</tr>
<tr class="alternate">
<td class="label"><a href="http://wpthemetestdata.wordpress.com/archives/">Archives</a></td>
<td class="views">1</td>
<td class="more">More</td>
</tr>
<tr>
<td class="label"><a href="http://wpthemetestdata.wordpress.com/">235</a></td>
<td class="views">1</td>
<td class="more">More</td>
</tr>
</tbody>
</table>
<h2>List Type Tests</h2>
<h3>Definition List</h3>
<dl><dt>Definition List Title</dt><dd>This is a definition list division.</dd><dt>Definition</dt><dd>An exact statement or description of the nature, scope, or meaning of something: <em>our definition of what constitutes poetry.</em></dd><dt>Gallery</dt><dd>A feature introduced with WordPress 2.5, that is specifically an exposition of images attached to a post. In that same vein, an upload is "attached to a post" when you upload it while editing a post.</dd><dt>Gravatar</dt><dd>A globally recognized avatar (a graphic image or picture that represents a user). A gravatar is associated with an email address, and is maintained by the Gravatar.com service. Using this service, a blog owner can configure their blog so that a user's gravatar is displayed along with their comments.</dd></dl>
<h3>Unordered List (Nested)</h3>
<ul>
	<li>List item one
<ul>
	<li>List item one
<ul>
	<li>List item one</li>
	<li>List item two</li>
	<li>List item three</li>
	<li>List item four</li>
</ul>
</li>
	<li>List item two</li>
	<li>List item three</li>
	<li>List item four</li>
</ul>
</li>
	<li>List item two</li>
	<li>List item three</li>
	<li>List item four</li>
</ul>
<h3>Ordered List</h3>
<ol>
	<li>List item one
<ol>
	<li>List item one
<ol>
	<li>List item one</li>
	<li>List item two</li>
	<li>List item three</li>
	<li>List item four</li>
</ol>
</li>
	<li>List item two</li>
	<li>List item three</li>
	<li>List item four</li>
</ol>
</li>
	<li>List item two</li>
	<li>List item three</li>
	<li>List item four</li>
</ol>
Nunc auctor bibendum eros. Maecenas porta accumsan mauris. Etiam enim enim, elementum sed, bibendum quis, rhoncus non, metus. Fusce neque dolor, adipiscing sed, consectetuer et, lacinia sit amet, quam. Suspendisse wisi quam, consectetuer in, blandit sed, suscipit eu, eros. Etiam ligula enim, tempor ut, blandit nec, mollis eu, lectus. Nam cursus. Vivamus iaculis. Aenean risus purus, pharetra in, blandit quis, gravida a, turpis. Donec nisl. Aenean eget mi. Fusce mattis est id diam. Phasellus faucibus interdum sapien. Duis quis nunc. Sed enim.
<p style="text-align: center;">Pellentesque vel dui sed orci faucibus iaculis. Suspendisse dictum magna id purus tincidunt rutrum. Nulla congue. Vivamus sit amet lorem posuere dui vulputate ornare. Phasellus mattis sollicitudin ligula. Duis dignissim felis et urna. Integer adipiscing congue metus. Nam pede. Etiam non wisi. Sed accumsan dolor ac augue. Pellentesque eget lectus. Aliquam nec dolor nec tellus ornare venenatis. Nullam blandit placerat sem. Curabitur quis ipsum. Mauris nisl tellus, aliquet eu, suscipit eu, ullamcorper quis, magna. Mauris elementum, pede at sodales vestibulum, nulla tortor congue massa, quis pellentesque odio dui id est. Cras faucibus augue.</p>
<p style="text-align: right;">Suspendisse vestibulum dignissim quam. Integer vel augue. Phasellus nulla purus, interdum ac, venenatis non, varius rutrum, leo. Pellentesque habitant morbi tristique senectus et netus et malesuada fames ac turpis egestas. Duis a eros. Class aptent taciti sociosqu ad litora torquent per conubia nostra, per inceptos hymenaeos.</p>
Fusce magna mi, porttitor quis, convallis eget, sodales ac, urna. Phasellus luctus venenatis magna. Vivamus eget lacus. Nunc tincidunt convallis tortor. Duis eros mi, dictum vel, fringilla sit amet, fermentum id, sem. Phasellus nunc enim, faucibus ut, laoreet in, consequat id, metus. Vivamus dignissim. Cras lobortis tempor velit. Phasellus nec diam ac nisl lacinia tristique. Nullam nec metus id mi dictum dignissim. Nullam quis wisi non sem lobortis condimentum. Phasellus pulvinar, nulla non aliquam eleifend, tortor wisi scelerisque felis, in sollicitudin arcu ante lacinia leo.]]></content:encoded>
		<excerpt:encoded><![CDATA[]]></excerpt:encoded>
		<wp:post_id>1</wp:post_id>
		<wp:post_date>2011-09-22 20:53:39</wp:post_date>
		<wp:post_date_gmt>2011-09-22 20:53:39</wp:post_date_gmt>
		<wp:comment_status>open</wp:comment_status>
		<wp:ping_status>open</wp:ping_status>
		<wp:post_name>hello-world</wp:post_name>
		<wp:status>publish</wp:status>
		<wp:post_parent>0</wp:post_parent>
		<wp:menu_order>0</wp:menu_order>
		<wp:post_type>post</wp:post_type>
		<wp:post_password></wp:post_password>
		<wp:is_sticky>0</wp:is_sticky>
		<category domain="category" nicename="uncategorized"><![CDATA[Uncategorized]]></category>
		<wp:postmeta>
			<wp:meta_key>_edit_last</wp:meta_key>
			<wp:meta_value><![CDATA[1]]></wp:meta_value>
		</wp:postmeta>
		<wp:comment>
			<wp:comment_id>1</wp:comment_id>
			<wp:comment_author><![CDATA[Mr WordPress]]></wp:comment_author>
			<wp:comment_author_email></wp:comment_author_email>
			<wp:comment_author_url>http://wordpress.org/</wp:comment_author_url>
			<wp:comment_author_IP></wp:comment_author_IP>
			<wp:comment_date>2011-09-22 20:53:39</wp:comment_date>
			<wp:comment_date_gmt>2011-09-22 20:53:39</wp:comment_date_gmt>
			<wp:comment_content><![CDATA[Hi, this is a comment.<br />To delete a comment, just log in and view the post&#039;s comments. There you will have the option to edit or delete them.]]></wp:comment_content>
			<wp:comment_approved>1</wp:comment_approved>
			<wp:comment_type></wp:comment_type>
			<wp:comment_parent>0</wp:comment_parent>
			<wp:comment_user_id>0</wp:comment_user_id>
		</wp:comment>
	</item>
	<item>
		<title>Images Test</title>
		<link>http://wptrunk/?p=128</link>
		<pubDate>Wed, 03 Sep 2008 16:35:23 +0000</pubDate>
		<dc:creator>admin</dc:creator>
		<guid isPermaLink="false">http://wpthemetestdata.wordpress.com/2007/09/04/test-with-wide-image-resized/</guid>
		<description></description>
		<content:encoded><![CDATA[<h2>Image Alignment Tests: Un-Captioned Images</h2>

<h3 id="center-align-no-caption">Center-align, no caption</h3>
Center-aligned image with no caption, and text before and after. <img src="http://wptrunk/wp-content/uploads/2010/08/test-image-landscape.jpg" alt="" title="test-image-landscape" width="300" height="199" class="aligncenter size-full wp-image-535" /> ALorem ipsum dolor sit amet, consectetuer adipiscing elit. Sed odio nibh, tincidunt adipiscing, pretium nec, tincidunt id, enim. Fusce scelerisque nunc vitae nisl. Quisque quis urna in velit dictum pellentesque. Vivamus a quam. Curabitur eu tortor id turpis tristique adipiscing. Morbi blandit. Maecenas vel est. Nunc aliquam, orci at accumsan commodo, libero nibh euismod augue, a ullamcorper velit dui et purus. Aenean volutpat, ipsum ac imperdiet fermentum, dui dui suscipit arcu, vitae dictum purus diam ac ligula.

<h3 id="left-align-no-caption">Left-align, no caption</h3>
Left-aligned image with no caption, and text before and after. <img src="http://wptrunk/wp-content/uploads/2010/08/test-image-landscape.jpg" alt="" title="test-image-landscape" width="300" height="199" class="alignleft size-full wp-image-535" /> Lorem ipsum dolor sit amet, consectetuer adipiscing elit. Sed odio nibh, tincidunt adipiscing, pretium nec, tincidunt id, enim. Fusce scelerisque nunc vitae nisl. Quisque quis urna in velit dictum pellentesque. Vivamus a quam. Curabitur eu tortor id turpis tristique adipiscing. Morbi blandit. Maecenas vel est. Nunc aliquam, orci at accumsan commodo, libero nibh euismod augue, a ullamcorper velit dui et purus. Aenean volutpat, ipsum ac imperdiet fermentum, dui dui suscipit arcu, vitae dictum purus diam ac ligula.

<h3 id="right-align-no-caption">Right-align, no caption</h3>
Right-aligned image with no caption, and text before and after. <img src="http://wptrunk/wp-content/uploads/2010/08/test-image-landscape.jpg" alt="" title="test-image-landscape" width="300" height="199" class="alignright size-full wp-image-535" /> Lorem ipsum dolor sit amet, consectetuer adipiscing elit. Sed odio nibh, tincidunt adipiscing, pretium nec, tincidunt id, enim. Fusce scelerisque nunc vitae nisl. Quisque quis urna in velit dictum pellentesque. Vivamus a quam. Curabitur eu tortor id turpis tristique adipiscing. Morbi blandit. Maecenas vel est. Nunc aliquam, orci at accumsan commodo, libero nibh euismod augue, a ullamcorper velit dui et purus. Aenean volutpat, ipsum ac imperdiet fermentum, dui dui suscipit arcu, vitae dictum purus diam ac ligula.

<h3 id="no-alignment-no-caption">No alignment, no caption</h3>
None-aligned image with no caption, and text before and after. <img src="http://wptrunk/wp-content/uploads/2010/08/test-image-landscape.jpg" alt="" title="test-image-landscape" width="300" height="199" class="alignnone size-full wp-image-535" /> Lorem ipsum dolor sit amet, consectetuer adipiscing elit. Sed odio nibh, tincidunt adipiscing, pretium nec, tincidunt id, enim. Fusce scelerisque nunc vitae nisl. Quisque quis urna in velit dictum pellentesque. Vivamus a quam. Curabitur eu tortor id turpis tristique adipiscing. Morbi blandit. Maecenas vel est. Nunc aliquam, orci at accumsan commodo, libero nibh euismod augue, a ullamcorper velit dui et purus. Aenean volutpat, ipsum ac imperdiet fermentum, dui dui suscipit arcu, vitae dictum purus diam ac ligula.

<!--nextpage-->
<h2>Image Alignment Tests: Captioned Images</h2>
<h3 id="centered-image-with-caption">Center-align with Caption</h3>
Center-aligned image with caption, and text before and after. [caption id="attachment_544" align="aligncenter" width="300" caption="A picture is worth a thousand words"]<a href="http://wptrunk/wp-content/uploads/2010/08/boat.jpg"><img src="http://wptrunk/wp-content/uploads/2010/08/boat.jpg?w=300" alt="" title="boat" width="300" height="198" class="size-medium wp-image-544" /></a>[/caption] Lorem ipsum dolor sit amet, consectetuer adipiscing elit. Sed odio nibh, tincidunt adipiscing, pretium nec, tincidunt id, enim. Fusce scelerisque nunc vitae nisl. Quisque quis urna in velit dictum pellentesque. Vivamus a quam. Curabitur eu tortor id turpis tristique adipiscing. Morbi blandit. Maecenas vel est. Nunc aliquam, orci at accumsan commodo, libero nibh euismod augue, a ullamcorper velit dui et purus. Aenean volutpat, ipsum ac imperdiet fermentum, dui dui suscipit arcu, vitae dictum purus diam ac ligula.

<h3 id="left-align-no-caption">Left-align with caption</h3>
Left-aligned image with caption, and text before and after. [caption id="attachment_544" align="alignleft" width="300" caption="A picture is worth a thousand words"]<a href="http://wptrunk/wp-content/uploads/2010/08/boat.jpg"><img src="http://wptrunk/wp-content/uploads/2010/08/boat.jpg?w=300" alt="" title="boat" width="300" height="198" class="size-medium wp-image-544" /></a>[/caption] Lorem ipsum dolor sit amet, consectetuer adipiscing elit. Sed odio nibh, tincidunt adipiscing, pretium nec, tincidunt id, enim. Fusce scelerisque nunc vitae nisl. Quisque quis urna in velit dictum pellentesque. Vivamus a quam. Curabitur eu tortor id turpis tristique adipiscing. Morbi blandit. Maecenas vel est. Nunc aliquam, orci at accumsan commodo, libero nibh euismod augue, a ullamcorper velit dui et purus. Aenean volutpat, ipsum ac imperdiet fermentum, dui dui suscipit arcu, vitae dictum purus diam ac ligula.

<h3 id="right-align-no-caption">Right-align with caption</h3>
Right-aligned image with caption, and text before and after. [caption id="attachment_544" align="alignright" width="300" caption="A picture is worth a thousand words"]<a href="http://wptrunk/wp-content/uploads/2010/08/boat.jpg"><img src="http://wptrunk/wp-content/uploads/2010/08/boat.jpg?w=300" alt="" title="boat" width="300" height="198" class="size-medium wp-image-544" /></a>[/caption] Lorem ipsum dolor sit amet, consectetuer adipiscing elit. Sed odio nibh, tincidunt adipiscing, pretium nec, tincidunt id, enim. Fusce scelerisque nunc vitae nisl. Quisque quis urna in velit dictum pellentesque. Vivamus a quam. Curabitur eu tortor id turpis tristique adipiscing. Morbi blandit. Maecenas vel est. Nunc aliquam, orci at accumsan commodo, libero nibh euismod augue, a ullamcorper velit dui et purus. Aenean volutpat, ipsum ac imperdiet fermentum, dui dui suscipit arcu, vitae dictum purus diam ac ligula.

<h3 id="no-alignment-no-caption">No alignment, with caption</h3>
None-aligned image with caption, and text before and after. [caption id="attachment_544" align="alignnone" width="300" caption="A picture is worth a thousand words"]<a href="http://wptrunk/wp-content/uploads/2010/08/boat.jpg"><img src="http://wptrunk/wp-content/uploads/2010/08/boat.jpg?w=300" alt="" title="boat" width="300" height="198" class="size-medium wp-image-544" /></a>[/caption] Lorem ipsum dolor sit amet, consectetuer adipiscing elit. Sed odio nibh, tincidunt adipiscing, pretium nec, tincidunt id, enim. Fusce scelerisque nunc vitae nisl. Quisque quis urna in velit dictum pellentesque. Vivamus a quam. Curabitur eu tortor id turpis tristique adipiscing. Morbi blandit. Maecenas vel est. Nunc aliquam, orci at accumsan commodo, libero nibh euismod augue, a ullamcorper velit dui et purus. Aenean volutpat, ipsum ac imperdiet fermentum, dui dui suscipit arcu, vitae dictum purus diam ac ligula.

<!--nextpage-->
<h2>Other Image Tests</h2>
<h3 id="wide-image-resized-in-editor">Wide Image, Resized In Editor</h3>
Image is 900x598px, resized in editor to 329x222.

<img width="329" height="222" alt="test-image-landscape-900" class="alignnone size-full" src="http://wptrunk/wp-content/uploads/2010/08/test-image-landscape-900.jpg">

<h3 id="wide-image-not-resized">Wide Image, Not Resized</h3>

Image is 900x598px, not resized in editor, and does not overflow outside of the content area.

<img width="900" height="598" src="http://wptrunk/wp-content/uploads/2010/08/test-image-landscape-900.jpg?w=900" class="alignnone size-full" alt="test-image-landscape-900" />

<h3 id="image-thumbnails">Image Thumbnails</h3>

<img src="http://wptrunk/wp-content/uploads/2010/08/test-image-portrait.jpg?w=99" alt="" title="test-image-portrait" width="99" height="150" class="alignnone size-thumbnail wp-image-536" /><img src="http://wptrunk/wp-content/uploads/2010/08/test-image-landscape.jpg?w=150" alt="" title="test-image-landscape" width="150" height="99" class="alignnone size-thumbnail wp-image-535" />

<!--nextpage-->
<h2 id="clearing-floats">Clearing Floats</h2>

The last item in this post is a floated image. Make sure any elements after it are clearing properly.

<a href="http://wptrunk/wp-content/uploads/2010/08/spectacles.gif"><img src="http://wptrunk/wp-content/uploads/2010/08/spectacles.gif" alt="" title="spectacles" width="165" height="210" class="alignleft size-full wp-image-543" /></a>]]></content:encoded>
		<excerpt:encoded><![CDATA[]]></excerpt:encoded>
		<wp:post_id>128</wp:post_id>
		<wp:post_date>2008-09-03 09:35:23</wp:post_date>
		<wp:post_date_gmt>2008-09-03 16:35:23</wp:post_date_gmt>
		<wp:comment_status>closed</wp:comment_status>
		<wp:ping_status>closed</wp:ping_status>
		<wp:post_name>images-test</wp:post_name>
		<wp:status>publish</wp:status>
		<wp:post_parent>0</wp:post_parent>
		<wp:menu_order>0</wp:menu_order>
		<wp:post_type>post</wp:post_type>
		<wp:post_password></wp:post_password>
		<wp:is_sticky>0</wp:is_sticky>
		<category domain="category" nicename="uncategorized"><![CDATA[Uncategorized]]></category>
	</item>
	<item>
		<title>Test with secret password</title>
		<link>http://wptrunk/?p=131</link>
		<pubDate>Fri, 04 Apr 2008 16:38:05 +0000</pubDate>
		<dc:creator>admin</dc:creator>
		<guid isPermaLink="false">http://wpthemetestdata.wordpress.com/2007/09/04/test-with-secret-password/</guid>
		<description></description>
		<content:encoded><![CDATA[The password is secret.]]></content:encoded>
		<excerpt:encoded><![CDATA[]]></excerpt:encoded>
		<wp:post_id>131</wp:post_id>
		<wp:post_date>2008-04-04 09:38:05</wp:post_date>
		<wp:post_date_gmt>2008-04-04 16:38:05</wp:post_date_gmt>
		<wp:comment_status>closed</wp:comment_status>
		<wp:ping_status>closed</wp:ping_status>
		<wp:post_name>test-with-secret-password</wp:post_name>
		<wp:status>publish</wp:status>
		<wp:post_parent>0</wp:post_parent>
		<wp:menu_order>0</wp:menu_order>
		<wp:post_type>post</wp:post_type>
		<wp:post_password>secret</wp:post_password>
		<wp:is_sticky>0</wp:is_sticky>
		<category domain="category" nicename="uncategorized"><![CDATA[Uncategorized]]></category>
	</item>
	<item>
		<title>Comment Test</title>
		<link>http://wptrunk/?p=149</link>
		<pubDate>Mon, 03 Mar 2008 17:11:37 +0000</pubDate>
		<dc:creator>admin</dc:creator>
		<guid isPermaLink="false">http://wpthemetestdata.wordpress.com/2007/09/04/comment-test/</guid>
		<description></description>
		<content:encoded><![CDATA[Here's a post with some comments.]]></content:encoded>
		<excerpt:encoded><![CDATA[]]></excerpt:encoded>
		<wp:post_id>149</wp:post_id>
		<wp:post_date>2008-03-03 10:11:37</wp:post_date>
		<wp:post_date_gmt>2008-03-03 17:11:37</wp:post_date_gmt>
		<wp:comment_status>open</wp:comment_status>
		<wp:ping_status>closed</wp:ping_status>
		<wp:post_name>comment-test</wp:post_name>
		<wp:status>publish</wp:status>
		<wp:post_parent>0</wp:post_parent>
		<wp:menu_order>0</wp:menu_order>
		<wp:post_type>post</wp:post_type>
		<wp:post_password></wp:post_password>
		<wp:is_sticky>0</wp:is_sticky>
		<category domain="category" nicename="uncategorized"><![CDATA[Uncategorized]]></category>
		<wp:comment>
			<wp:comment_id>10</wp:comment_id>
			<wp:comment_author><![CDATA[Alex Shiels]]></wp:comment_author>
			<wp:comment_author_email>tellyworth@gmail.com</wp:comment_author_email>
			<wp:comment_author_url>http://flightpath.wordpress.com/</wp:comment_author_url>
			<wp:comment_author_IP>59.167.157.3</wp:comment_author_IP>
			<wp:comment_date>2007-09-04 10:12:13</wp:comment_date>
			<wp:comment_date_gmt>2007-09-04 10:12:13</wp:comment_date_gmt>
			<wp:comment_content><![CDATA[Not an author comment.]]></wp:comment_content>
			<wp:comment_approved>1</wp:comment_approved>
			<wp:comment_type></wp:comment_type>
			<wp:comment_parent>0</wp:comment_parent>
			<wp:comment_user_id>0</wp:comment_user_id>
		</wp:comment>
		<wp:comment>
			<wp:comment_id>11</wp:comment_id>
			<wp:comment_author><![CDATA[Anon]]></wp:comment_author>
			<wp:comment_author_email>nobody@example.com</wp:comment_author_email>
			<wp:comment_author_url></wp:comment_author_url>
			<wp:comment_author_IP>59.167.157.3</wp:comment_author_IP>
			<wp:comment_date>2007-09-04 10:14:19</wp:comment_date>
			<wp:comment_date_gmt>2007-09-04 17:14:19</wp:comment_date_gmt>
			<wp:comment_content><![CDATA[I'm not logged in.

<blockquote>
Contrary to popular belief, Lorem Ipsum is not simply random text. It has roots in a piece of classical Latin literature from 45 BC, making it over 2000 years old. Richard McClintock, a Latin professor at Hampden-Sydney College in Virginia, looked up one of the more obscure Latin words, consectetur, from a Lorem Ipsum passage, and going through the cites of the word in classical literature, discovered
<blockquote>
Contrary to popular belief, Lorem Ipsum is not simply random text. It has roots in a piece of classical Latin literature from 45 BC, making it over 2000 years old. Richard McClintock, a Latin professor at Hampden-Sydney College in Virginia, looked up one of the more obscure Latin words, consectetur, from a Lorem Ipsum passage, and going through the cites of the word in classical literature, discovered
<blockquote>
Contrary to popular belief, Lorem Ipsum is not simply random text. It has roots in a piece of classical Latin literature from 45 BC, making it over 2000 years old. Richard McClintock, a Latin professor at Hampden-Sydney College in Virginia, looked up one of the more obscure Latin words, consectetur, from a Lorem Ipsum passage, and going through the cites of the word in classical literature, discovered

</blockquote>
</blockquote>
</blockquote>]]></wp:comment_content>
			<wp:comment_approved>1</wp:comment_approved>
			<wp:comment_type></wp:comment_type>
			<wp:comment_parent>0</wp:comment_parent>
			<wp:comment_user_id>0</wp:comment_user_id>
		</wp:comment>
		<wp:comment>
			<wp:comment_id>12</wp:comment_id>
			<wp:comment_author><![CDATA[Matt]]></wp:comment_author>
			<wp:comment_author_email>m@mullenweg.com</wp:comment_author_email>
			<wp:comment_author_url>http://photomatt.net/</wp:comment_author_url>
			<wp:comment_author_IP>59.167.157.3</wp:comment_author_IP>
			<wp:comment_date>2007-09-04 10:15:32</wp:comment_date>
			<wp:comment_date_gmt>2007-09-04 00:15:32</wp:comment_date_gmt>
			<wp:comment_content><![CDATA[Anonymous person pretending to be Matt.]]></wp:comment_content>
			<wp:comment_approved>1</wp:comment_approved>
			<wp:comment_type></wp:comment_type>
			<wp:comment_parent>0</wp:comment_parent>
			<wp:comment_user_id>0</wp:comment_user_id>
		</wp:comment>
		<wp:comment>
			<wp:comment_id>13</wp:comment_id>
			<wp:comment_author><![CDATA[Test Author]]></wp:comment_author>
			<wp:comment_author_email>testauthor@anonymous.com</wp:comment_author_email>
			<wp:comment_author_url></wp:comment_author_url>
			<wp:comment_author_IP>59.167.157.3</wp:comment_author_IP>
			<wp:comment_date>2007-09-03 10:18:04</wp:comment_date>
			<wp:comment_date_gmt>2007-09-03 17:18:04</wp:comment_date_gmt>
			<wp:comment_content><![CDATA[Author comment.

<h1>Header one</h1>
<h2>Header two</h2>
<h3>Header three</h3>
<h4>Header four</h4>
<h5>Header five</h5>
<h6>Header six</h6>

<h2>Blockquote Tests</h2>
Blockquote:
<blockquote>Here's a one line quote.</blockquote>
This part isn't quoted.  Here's a longer quote:
<blockquote>It’s like a language. You learn the alphabet, which are the scales. You learn sentences, which are the chords. And then you talk extemporaneously with the horn. It’s a wonderful thing to speak extemporaneously, which is something I’ve never gotten the hang of. But musically I love to talk just off the top of my head. And that’s what jazz music is all about.

<cite>Stan Getz</cite></blockquote>
And some trailing text.

<h2>Table Layout Test</h2>
<table class="statsDay">
<tbody>
<tr>
<th>Title</th>
<th class="views">Views</th>
<th></th>
</tr>
<tr class="alternate">
<td class="label"><a href="http://wpthemetestdata.wordpress.com/about/" rel="nofollow">About Test User</a></td>
<td class="views">1</td>
<td class="more">More</td>
</tr>
<tr>
<td class="label"><a href="http://wpthemetestdata.wordpress.com/" rel="nofollow">260</a></td>
<td class="views">1</td>
<td class="more">More</td>
</tr>
<tr class="alternate">
<td class="label"><a href="http://wpthemetestdata.wordpress.com/archives/" rel="nofollow">Archives</a></td>
<td class="views">1</td>
<td class="more">More</td>
</tr>
<tr>
<td class="label"><a href="http://wpthemetestdata.wordpress.com/" rel="nofollow">235</a></td>
<td class="views">1</td>
<td class="more">More</td>
</tr>
</tbody>
</table>
<h2>List Type Tests</h2>
<h3>Definition List</h3>
<dl> <dt>Definition List Title</dt> <dd>This is a definition list division.</dd> <dt>Definition</dt> <dd>An exact statement or description of the nature, scope, or meaning of something: <em>our definition of what constitutes poetry.</em></dd> <dt>Gallery</dt> <dd>A feature introduced with WordPress 2.5, that is specifically an exposition of images attached to a post. In that same vein, an upload is "attached to a post" when you upload it while editing a post.</dd> <dt>Gravatar</dt> <dd>A globally recognized avatar (a graphic image or picture that represents a user). A gravatar is associated with an email address, and is maintained by the Gravatar.com service. Using this service, a blog owner can configure their blog so that a user's gravatar is displayed along with their comments.</dd> </dl>
<h3>Unordered List (Nested)</h3>
<ul>
	<li>List item one
<ul>
	<li>List item one
<ul>
	<li>List item one</li>
	<li>List item two</li>
	<li>List item three</li>
	<li>List item four</li>
</ul>
</li>
	<li>List item two</li>
	<li>List item three</li>
	<li>List item four</li>
</ul>
</li>
	<li>List item two</li>
	<li>List item three</li>
	<li>List item four</li>
</ul>
<h3>Ordered List</h3>
<ol>
	<li>List item one
<ol>
	<li>List item one
<ol>
	<li>List item one</li>
	<li>List item two</li>
	<li>List item three</li>
	<li>List item four</li>
</ol>
</li>
	<li>List item two</li>
	<li>List item three</li>
	<li>List item four</li>
</ol>
</li>
	<li>List item two</li>
	<li>List item three</li>
	<li>List item four</li>
</ol>
<h2>HTML Element Tag Tests</h2>
All other HTML tags listed in the <a href="http://en.support.wordpress.com/code/" rel="nofollow">FAQ</a>:

Here is the address for Automattic, using the <code>&lt;address&gt;</code> tag:

<address>355 1st Street Suite 202
San Francisco, CA 94105
United States</address>This is an example of <a href="http://example.com" rel="nofollow">an <code>&lt;anchor&gt;</code></a> (otherwise known as a link). This <abbr title="abbreviation">abbr.</abbr> is an example of an &lt;abbr&gt; tag in the middle of a sentence. Here is a <acronym title="three-letter acronym">TLA</acronym> showing off the <code>&lt;acronym&gt;</code> tag. What, you want to see <big>some over-sized text</big> using the <code>&lt;big&gt;</code> tag? Can you <cite>cite a reference</cite> for that, using the <code>&lt;cite&gt;</code> tag? Have you noticed that all of the tag names are displayed <code>in code-form</code>, using the <code>&lt;code&gt;</code> tag? Similarly, I could <kbd>emulate keyboard text</kbd>, using the <code>&lt;kbd&gt;</code> text tag, or <tt>emulate teletype text</tt> using the <code>&lt;tt&gt;</code> tag.

Oh no! I wrote something incorrectly. <del>I'd better delete it</del>, using the <code>&lt;del&gt;</code> tag. I could alternately <span style="text-decoration:line-through;">strike something out</span> using the <code>&lt;strike&gt;</code> tag, or strike something out using the <code>&lt;s&gt;</code> tag. <em>So many choices</em>, which I emphasize using the <code>&lt;em&gt;</code> tag. Just to clarify, <ins>this is some inserted text</ins>, that I'll highlight using the <code>&lt;ins&gt;</code> tag.

Need to display completely unformatted text, such as a large block of code? Use the <code>&lt;pre&gt;</code> tag, which lets you display:
<pre>#container {
	float: left;
	margin: 0 -240px 0 0;
	width: 100%;
}</pre>
Want to quote the WordPress tagline <q>Code is Poetry</q>? Use the <code>&lt;q&gt;</code> tag to add quotes around it. <strong>This is strong text</strong> (otherwise known as bold), using the <code>&lt;strong&gt;</code> tag.

Need to write H<sub>2</sub>O or E = MC<sup>2</sup>? You may find great use for <sub>subscripting</sub> text using the <code>&lt;sub&gt;</code> tag, or for <sup>superscripting</sup> text using the <code>&lt;sup&gt;</code> tag. Need to call out a <var>variable</var>? Use the <code>&lt;var&gt;</code> tag.
<h2>Div and Span Tests</h2>
<div>

Lorem ipsum dolor sit amet, consectetuer adipiscing elit.
<div class="myclass"><strong>This is a div with "myclass" class, inside of another div, using the <code>&lt;div&gt;</code> tag.</strong></div>
Sed odio nibh, tincidunt adipiscing, pretium nec, tincidunt id, enim. Fusce scelerisque nunc vitae nisl.

</div>
Lorem ipsum dolor sit amet, consectetuer adipiscing elit. <span><strong>This is a span inside of a paragraph, using the <code>&lt;span&gt;</code> tag.</strong></span> Sed odio nibh, tincidunt adipiscing, pretium nec, tincidunt id, enim. Fusce scelerisque nunc vitae nisl.]]></wp:comment_content>
			<wp:comment_approved>1</wp:comment_approved>
			<wp:comment_type></wp:comment_type>
			<wp:comment_parent>0</wp:comment_parent>
			<wp:comment_user_id>0</wp:comment_user_id>
		</wp:comment>
		<wp:comment>
			<wp:comment_id>14</wp:comment_id>
			<wp:comment_author><![CDATA[Lloyd Budd]]></wp:comment_author>
			<wp:comment_author_email>foolswisdom@gmail.com</wp:comment_author_email>
			<wp:comment_author_url>http://foolswisdom.com</wp:comment_author_url>
			<wp:comment_author_IP>24.68.153.74</wp:comment_author_IP>
			<wp:comment_date>2007-09-04 10:23:10</wp:comment_date>
			<wp:comment_date_gmt>2007-09-04 00:23:10</wp:comment_date_gmt>
			<wp:comment_content><![CDATA[Another test]]></wp:comment_content>
			<wp:comment_approved>1</wp:comment_approved>
			<wp:comment_type></wp:comment_type>
			<wp:comment_parent>0</wp:comment_parent>
			<wp:comment_user_id>0</wp:comment_user_id>
		</wp:comment>
		<wp:comment>
			<wp:comment_id>15</wp:comment_id>
			<wp:comment_author><![CDATA[tellyworthtest1]]></wp:comment_author>
			<wp:comment_author_email>tellyworth+test1@gmail.com</wp:comment_author_email>
			<wp:comment_author_url></wp:comment_author_url>
			<wp:comment_author_IP>59.167.157.3</wp:comment_author_IP>
			<wp:comment_date>2007-09-04 10:35:33</wp:comment_date>
			<wp:comment_date_gmt>2007-09-04 00:35:33</wp:comment_date_gmt>
			<wp:comment_content><![CDATA[I'm logged in but I don't have a blog.]]></wp:comment_content>
			<wp:comment_approved>1</wp:comment_approved>
			<wp:comment_type></wp:comment_type>
			<wp:comment_parent>0</wp:comment_parent>
			<wp:comment_user_id>0</wp:comment_user_id>
		</wp:comment>
		<wp:comment>
			<wp:comment_id>16</wp:comment_id>
			<wp:comment_author><![CDATA[tellyworthtest2]]></wp:comment_author>
			<wp:comment_author_email>tellyworth+test2@gmail.com</wp:comment_author_email>
			<wp:comment_author_url></wp:comment_author_url>
			<wp:comment_author_IP>59.167.157.3</wp:comment_author_IP>
			<wp:comment_date>2007-09-04 10:45:21</wp:comment_date>
			<wp:comment_date_gmt>2007-09-04 00:45:21</wp:comment_date_gmt>
			<wp:comment_content><![CDATA[I'm a contributor to this blog.]]></wp:comment_content>
			<wp:comment_approved>1</wp:comment_approved>
			<wp:comment_type></wp:comment_type>
			<wp:comment_parent>0</wp:comment_parent>
			<wp:comment_user_id>0</wp:comment_user_id>
		</wp:comment>
		<wp:comment>
			<wp:comment_id>17</wp:comment_id>
			<wp:comment_author><![CDATA[test test]]></wp:comment_author>
			<wp:comment_author_email></wp:comment_author_email>
			<wp:comment_author_url>http://tellyworthtest.wordpress.com/2007/10/15/ping-test-2/</wp:comment_author_url>
			<wp:comment_author_IP>72.232.101.12</wp:comment_author_IP>
			<wp:comment_date>2007-09-04 11:04:01</wp:comment_date>
			<wp:comment_date_gmt>2007-09-04 01:04:01</wp:comment_date_gmt>
			<wp:comment_content><![CDATA[<strong>Ping test&nbsp;2</strong>

Let&#8217;s try that again.  I guess I have to do this the hard way.
...]]></wp:comment_content>
			<wp:comment_approved>1</wp:comment_approved>
			<wp:comment_type>trackback</wp:comment_type>
			<wp:comment_parent>0</wp:comment_parent>
			<wp:comment_user_id>0</wp:comment_user_id>
		</wp:comment>
		<wp:comment>
			<wp:comment_id>18</wp:comment_id>
			<wp:comment_author><![CDATA[Alex Shiels]]></wp:comment_author>
			<wp:comment_author_email>tellyworth@gmail.com</wp:comment_author_email>
			<wp:comment_author_url>http://flightpath.wordpress.com/</wp:comment_author_url>
			<wp:comment_author_IP>59.167.157.3</wp:comment_author_IP>
			<wp:comment_date>2007-09-04 13:26:26</wp:comment_date>
			<wp:comment_date_gmt>2007-09-04 03:26:26</wp:comment_date_gmt>
			<wp:comment_content><![CDATA[Here's a comment with a <a href="http://example.com/" rel="nofollow">link</a>.]]></wp:comment_content>
			<wp:comment_approved>1</wp:comment_approved>
			<wp:comment_type></wp:comment_type>
			<wp:comment_parent>0</wp:comment_parent>
			<wp:comment_user_id>0</wp:comment_user_id>
		</wp:comment>
		<wp:comment>
			<wp:comment_id>19</wp:comment_id>
			<wp:comment_author><![CDATA[mdawaffe]]></wp:comment_author>
			<wp:comment_author_email>wpcom@blogwaffe.com</wp:comment_author_email>
			<wp:comment_author_url>http://blogwaffe.com</wp:comment_author_url>
			<wp:comment_author_IP>71.80.169.225</wp:comment_author_IP>
			<wp:comment_date>2007-09-04 16:51:33</wp:comment_date>
			<wp:comment_date_gmt>2007-09-04 06:51:33</wp:comment_date_gmt>
			<wp:comment_content><![CDATA[what am I testing]]></wp:comment_content>
			<wp:comment_approved>1</wp:comment_approved>
			<wp:comment_type></wp:comment_type>
			<wp:comment_parent>0</wp:comment_parent>
			<wp:comment_user_id>0</wp:comment_user_id>
		</wp:comment>
		<wp:comment>
			<wp:comment_id>20</wp:comment_id>
			<wp:comment_author><![CDATA[pinging like a microwave &laquo; no kubrick allowed]]></wp:comment_author>
			<wp:comment_author_email></wp:comment_author_email>
			<wp:comment_author_url>http://ntutest.wordpress.com/2007/11/19/pinging-like-a-microwave/</wp:comment_author_url>
			<wp:comment_author_IP>72.232.131.29</wp:comment_author_IP>
			<wp:comment_date>2007-11-20 03:44:15</wp:comment_date>
			<wp:comment_date_gmt>2007-11-19 17:44:15</wp:comment_date_gmt>
			<wp:comment_content><![CDATA[[...] http://asdftestblog1.wordpress.com/2007/09/04/comment-test/ [...] ]]></wp:comment_content>
			<wp:comment_approved>1</wp:comment_approved>
			<wp:comment_type>pingback</wp:comment_type>
			<wp:comment_parent>0</wp:comment_parent>
			<wp:comment_user_id>0</wp:comment_user_id>
		</wp:comment>
		<wp:comment>
			<wp:comment_id>21</wp:comment_id>
			<wp:comment_author><![CDATA[Joseph Scott]]></wp:comment_author>
			<wp:comment_author_email>joseph@randomnetworks.com</wp:comment_author_email>
			<wp:comment_author_url>http://joseph.randomnetworks.com/</wp:comment_author_url>
			<wp:comment_author_IP>63.226.101.77</wp:comment_author_IP>
			<wp:comment_date>2007-12-08 07:24:25</wp:comment_date>
			<wp:comment_date_gmt>2007-12-07 21:24:25</wp:comment_date_gmt>
			<wp:comment_content><![CDATA[Hi There!]]></wp:comment_content>
			<wp:comment_approved>1</wp:comment_approved>
			<wp:comment_type></wp:comment_type>
			<wp:comment_parent>0</wp:comment_parent>
			<wp:comment_user_id>0</wp:comment_user_id>
		</wp:comment>
		<wp:comment>
			<wp:comment_id>22</wp:comment_id>
			<wp:comment_author><![CDATA[tellyworthtest]]></wp:comment_author>
			<wp:comment_author_email>tellyworth+test@gmail.com</wp:comment_author_email>
			<wp:comment_author_url></wp:comment_author_url>
			<wp:comment_author_IP>146.214.103.154</wp:comment_author_IP>
			<wp:comment_date>2010-07-01 17:24:23</wp:comment_date>
			<wp:comment_date_gmt>2010-07-01 17:24:23</wp:comment_date_gmt>
			<wp:comment_content><![CDATA[Test Threaded Comment - nested one deep.]]></wp:comment_content>
			<wp:comment_approved>1</wp:comment_approved>
			<wp:comment_type></wp:comment_type>
			<wp:comment_parent>10</wp:comment_parent>
			<wp:comment_user_id>0</wp:comment_user_id>
		</wp:comment>
		<wp:comment>
			<wp:comment_id>23</wp:comment_id>
			<wp:comment_author><![CDATA[tellyworthtest]]></wp:comment_author>
			<wp:comment_author_email>tellyworth+test@gmail.com</wp:comment_author_email>
			<wp:comment_author_url></wp:comment_author_url>
			<wp:comment_author_IP>146.214.103.154</wp:comment_author_IP>
			<wp:comment_date>2010-07-01 17:26:11</wp:comment_date>
			<wp:comment_date_gmt>2010-07-01 17:26:11</wp:comment_date_gmt>
			<wp:comment_content><![CDATA[Test threaded comment - one level deep (take two).]]></wp:comment_content>
			<wp:comment_approved>1</wp:comment_approved>
			<wp:comment_type></wp:comment_type>
			<wp:comment_parent>11</wp:comment_parent>
			<wp:comment_user_id>0</wp:comment_user_id>
		</wp:comment>
		<wp:comment>
			<wp:comment_id>24</wp:comment_id>
			<wp:comment_author><![CDATA[tellyworthtest1]]></wp:comment_author>
			<wp:comment_author_email>tellyworth+test1@gmail.com</wp:comment_author_email>
			<wp:comment_author_url></wp:comment_author_url>
			<wp:comment_author_IP>146.214.103.154</wp:comment_author_IP>
			<wp:comment_date>2010-07-01 17:31:56</wp:comment_date>
			<wp:comment_date_gmt>2010-07-01 17:31:56</wp:comment_date_gmt>
			<wp:comment_content><![CDATA[Testing threaded comments - two levels deep.]]></wp:comment_content>
			<wp:comment_approved>1</wp:comment_approved>
			<wp:comment_type></wp:comment_type>
			<wp:comment_parent>23</wp:comment_parent>
			<wp:comment_user_id>0</wp:comment_user_id>
		</wp:comment>
		<wp:comment>
			<wp:comment_id>25</wp:comment_id>
			<wp:comment_author><![CDATA[Test Author]]></wp:comment_author>
			<wp:comment_author_email>testauthor@anonymous.com</wp:comment_author_email>
			<wp:comment_author_url></wp:comment_author_url>
			<wp:comment_author_IP>146.214.103.154</wp:comment_author_IP>
			<wp:comment_date>2010-07-01 17:51:11</wp:comment_date>
			<wp:comment_date_gmt>2010-07-01 17:51:11</wp:comment_date_gmt>
			<wp:comment_content><![CDATA[Another author comment]]></wp:comment_content>
			<wp:comment_approved>1</wp:comment_approved>
			<wp:comment_type></wp:comment_type>
			<wp:comment_parent>0</wp:comment_parent>
			<wp:comment_user_id>0</wp:comment_user_id>
		</wp:comment>
		<wp:comment>
			<wp:comment_id>26</wp:comment_id>
			<wp:comment_author><![CDATA[Test Author]]></wp:comment_author>
			<wp:comment_author_email>testauthor@anonymous.com</wp:comment_author_email>
			<wp:comment_author_url></wp:comment_author_url>
			<wp:comment_author_IP>146.214.103.154</wp:comment_author_IP>
			<wp:comment_date>2010-07-01 17:56:59</wp:comment_date>
			<wp:comment_date_gmt>2010-07-01 17:56:59</wp:comment_date_gmt>
			<wp:comment_content><![CDATA[Testing an author reply comment]]></wp:comment_content>
			<wp:comment_approved>1</wp:comment_approved>
			<wp:comment_type></wp:comment_type>
			<wp:comment_parent>11</wp:comment_parent>
			<wp:comment_user_id>0</wp:comment_user_id>
		</wp:comment>
		<wp:comment>
			<wp:comment_id>27</wp:comment_id>
			<wp:comment_author><![CDATA[tellyworthtest2]]></wp:comment_author>
			<wp:comment_author_email>tellyworth+test2@gmail.com</wp:comment_author_email>
			<wp:comment_author_url></wp:comment_author_url>
			<wp:comment_author_IP>146.214.103.154</wp:comment_author_IP>
			<wp:comment_date>2010-07-01 17:57:36</wp:comment_date>
			<wp:comment_date_gmt>2010-07-01 17:57:36</wp:comment_date_gmt>
			<wp:comment_content><![CDATA[Replying to an author reply comment.]]></wp:comment_content>
			<wp:comment_approved>1</wp:comment_approved>
			<wp:comment_type></wp:comment_type>
			<wp:comment_parent>26</wp:comment_parent>
			<wp:comment_user_id>0</wp:comment_user_id>
		</wp:comment>
		<wp:comment>
			<wp:comment_id>28</wp:comment_id>
			<wp:comment_author><![CDATA[Test Contributor]]></wp:comment_author>
			<wp:comment_author_email>testcontributor@anonymous.com</wp:comment_author_email>
			<wp:comment_author_url></wp:comment_author_url>
			<wp:comment_author_IP>146.214.103.154</wp:comment_author_IP>
			<wp:comment_date>2010-07-01 18:02:10</wp:comment_date>
			<wp:comment_date_gmt>2010-07-01 18:02:10</wp:comment_date_gmt>
			<wp:comment_content><![CDATA[Contributor comment]]></wp:comment_content>
			<wp:comment_approved>1</wp:comment_approved>
			<wp:comment_type></wp:comment_type>
			<wp:comment_parent>0</wp:comment_parent>
			<wp:comment_user_id>0</wp:comment_user_id>
		</wp:comment>
		<wp:comment>
			<wp:comment_id>29</wp:comment_id>
			<wp:comment_author><![CDATA[admin]]></wp:comment_author>
			<wp:comment_author_email>admin@anonymous.com</wp:comment_author_email>
			<wp:comment_author_url></wp:comment_author_url>
			<wp:comment_author_IP>146.214.103.251</wp:comment_author_IP>
			<wp:comment_date>2010-07-01 18:05:32</wp:comment_date>
			<wp:comment_date_gmt>2010-07-01 18:05:32</wp:comment_date_gmt>
			<wp:comment_content><![CDATA[Administrator comment reply.]]></wp:comment_content>
			<wp:comment_approved>1</wp:comment_approved>
			<wp:comment_type></wp:comment_type>
			<wp:comment_parent>24</wp:comment_parent>
			<wp:comment_user_id>0</wp:comment_user_id>
		</wp:comment>
	</item>
	<item>
		<title>Many Trackbacks</title>
		<link>http://wptrunk/?p=151</link>
		<pubDate>Sat, 01 Mar 2008 17:17:18 +0000</pubDate>
		<dc:creator>admin</dc:creator>
		<guid isPermaLink="false">http://wpthemetestdata.wordpress.com/2007/09/04/many-trackbacks/</guid>
		<description></description>
		<content:encoded><![CDATA[This post has many trackbacks.<span style="font-family:Arial;font-size:11px;line-height:normal;" class="Apple-style-span">Lorem ipsum dolor sit amet, consectetuer adipiscing elit. Cras ligula. Vivamus urna diam, mollis nec, pellentesque et, semper nec, lorem. Nam lobortis, eros a feugiat porttitor, nibh mi imperdiet nulla, eu venenatis diam enim non eros. Duis consectetuer augue a ante. Vivamus adipiscing orci et ipsum. Ut consectetuer lacinia magna. Etiam id orci. Vestibulum pede magna, feugiat et, adipiscing vitae, tincidunt non, mauris. Curabitur auctor diam non nibh. Fusce nec diam. Praesent laoreet blandit turpis. Phasellus et eros. Nulla venenatis nulla ut magna. Nunc porttitor eros sed quam. Morbi id nisi ut sem faucibus tempus.</span> ]]></content:encoded>
		<excerpt:encoded><![CDATA[]]></excerpt:encoded>
		<wp:post_id>151</wp:post_id>
		<wp:post_date>2008-03-01 10:17:18</wp:post_date>
		<wp:post_date_gmt>2008-03-01 17:17:18</wp:post_date_gmt>
		<wp:comment_status>closed</wp:comment_status>
		<wp:ping_status>closed</wp:ping_status>
		<wp:post_name>many-trackbacks</wp:post_name>
		<wp:status>publish</wp:status>
		<wp:post_parent>0</wp:post_parent>
		<wp:menu_order>0</wp:menu_order>
		<wp:post_type>post</wp:post_type>
		<wp:post_password></wp:post_password>
		<wp:is_sticky>0</wp:is_sticky>
		<category domain="category" nicename="uncategorized"><![CDATA[Uncategorized]]></category>
		<wp:comment>
			<wp:comment_id>5</wp:comment_id>
			<wp:comment_author><![CDATA[Ping 1 &laquo; What&#8217;s a tellyworth?]]></wp:comment_author>
			<wp:comment_author_email></wp:comment_author_email>
			<wp:comment_author_url>http://tellyworth.wordpress.com/2007/11/21/ping-1/</wp:comment_author_url>
			<wp:comment_author_IP>72.232.101.12</wp:comment_author_IP>
			<wp:comment_date>2007-11-21 11:31:12</wp:comment_date>
			<wp:comment_date_gmt>2007-11-21 01:31:12</wp:comment_date_gmt>
			<wp:comment_content><![CDATA[[...] Trackback test. [...] ]]></wp:comment_content>
			<wp:comment_approved>1</wp:comment_approved>
			<wp:comment_type>pingback</wp:comment_type>
			<wp:comment_parent>0</wp:comment_parent>
			<wp:comment_user_id>0</wp:comment_user_id>
		</wp:comment>
		<wp:comment>
			<wp:comment_id>6</wp:comment_id>
			<wp:comment_author><![CDATA[Ping 2 with a much longer title than the previous ping, which was called Ping 1 &laquo; What&#8217;s a tellyworth?]]></wp:comment_author>
			<wp:comment_author_email></wp:comment_author_email>
			<wp:comment_author_url>http://tellyworth.wordpress.com/2007/11/21/ping-2-with-a-much-longer-title-than-the-previous-ping-which-was-called-ping-1/</wp:comment_author_url>
			<wp:comment_author_IP>72.232.101.12</wp:comment_author_IP>
			<wp:comment_date>2007-11-21 11:35:47</wp:comment_date>
			<wp:comment_date_gmt>2007-11-21 01:35:47</wp:comment_date_gmt>
			<wp:comment_content><![CDATA[[...] Another trackback test.  Lorem ipsum dolor sit amet, consectetuer adipiscing elit. Donec hendrerit gravida nisi. Praesent libero odio, tincidunt nec, fringilla et, mollis ut, ipsum. Proin a lacus quis nisi pulvinar bibendum. Donec massa justo, dapibus at, imperdiet vestibulum, dapibus in, leo. Donec pretium tellus in dui. Phasellus tristique aliquet justo. Donec sodales. Nulla urna mi, molestie ac, malesuada sit amet, sagittis id, lacus. Mauris auctor leo ac justo. Proin convallis. Nulla eleifend dictum mi. Donec at lectus. Integer augue sapien, ornare vitae, rhoncus quis, rhoncus sed, sapien. Nunc mattis diam sodales diam.Etiam porttitor, ante sed varius semper, ante arcu rutrum tortor, at luctus nunc urna id nibh. Fusce sodales. Integer sed ligula. Donec posuere, nibh aliquet auctor congue, augue est porttitor odio, imperdiet facilisis tortor urna vel mauris. Pellentesque pretium, lorem non pellentesque varius, elit diam ultrices mi, sed posuere sapien lectus sed mi. Donec vestibulum urna. Donec gravida elit et enim. Ut dignissim neque ut erat. Morbi tincidunt nunc vitae lorem. Morbi rhoncus mi. Praesent facilisis tincidunt enim. Ut pulvinar. Suspendisse potenti. Vivamus turpis odio, porta at, malesuada in, iaculis eget, odio. Aenean faucibus, urna quis congue dignissim, orci tellus ornare leo, eget viverra ante ipsum sit amet magna. Suspendisse mattis nunc at justo. Nullam malesuada lobortis lorem. Morbi ultricies. Nam risus erat, sagittis ut, tristique rhoncus, luctus id, ante. Maecenas ac dui. [...] ]]></wp:comment_content>
			<wp:comment_approved>1</wp:comment_approved>
			<wp:comment_type>pingback</wp:comment_type>
			<wp:comment_parent>0</wp:comment_parent>
			<wp:comment_user_id>0</wp:comment_user_id>
		</wp:comment>
		<wp:comment>
			<wp:comment_id>7</wp:comment_id>
			<wp:comment_author><![CDATA[Ping 4 &laquo; What&#8217;s a tellyworth?]]></wp:comment_author>
			<wp:comment_author_email></wp:comment_author_email>
			<wp:comment_author_url>http://tellyworth.wordpress.com/2007/11/21/ping-4/</wp:comment_author_url>
			<wp:comment_author_IP>72.232.101.12</wp:comment_author_IP>
			<wp:comment_date>2007-11-21 11:39:25</wp:comment_date>
			<wp:comment_date_gmt>2007-11-21 01:39:25</wp:comment_date_gmt>
			<wp:comment_content><![CDATA[[...] Another short one. [...] ]]></wp:comment_content>
			<wp:comment_approved>1</wp:comment_approved>
			<wp:comment_type>pingback</wp:comment_type>
			<wp:comment_parent>0</wp:comment_parent>
			<wp:comment_user_id>0</wp:comment_user_id>
		</wp:comment>
		<wp:comment>
			<wp:comment_id>8</wp:comment_id>
			<wp:comment_author><![CDATA[Ping 3 &laquo; What&#8217;s a tellyworth?]]></wp:comment_author>
			<wp:comment_author_email></wp:comment_author_email>
			<wp:comment_author_url>http://tellyworth.wordpress.com/2007/11/21/ping-3/</wp:comment_author_url>
			<wp:comment_author_IP>72.232.101.12</wp:comment_author_IP>
			<wp:comment_date>2007-11-21 11:38:22</wp:comment_date>
			<wp:comment_date_gmt>2007-11-21 01:38:22</wp:comment_date_gmt>
			<wp:comment_content><![CDATA[[...] Just a short one. [...] ]]></wp:comment_content>
			<wp:comment_approved>1</wp:comment_approved>
			<wp:comment_type>pingback</wp:comment_type>
			<wp:comment_parent>0</wp:comment_parent>
			<wp:comment_user_id>0</wp:comment_user_id>
		</wp:comment>
		<wp:comment>
			<wp:comment_id>9</wp:comment_id>
			<wp:comment_author><![CDATA[admin]]></wp:comment_author>
			<wp:comment_author_email>admin@anonymous.com</wp:comment_author_email>
			<wp:comment_author_url></wp:comment_author_url>
			<wp:comment_author_IP>146.214.103.251</wp:comment_author_IP>
			<wp:comment_date>2010-06-11 15:27:04</wp:comment_date>
			<wp:comment_date_gmt>2010-06-11 15:27:04</wp:comment_date_gmt>
			<wp:comment_content><![CDATA[Test comment]]></wp:comment_content>
			<wp:comment_approved>1</wp:comment_approved>
			<wp:comment_type></wp:comment_type>
			<wp:comment_parent>0</wp:comment_parent>
			<wp:comment_user_id>0</wp:comment_user_id>
		</wp:comment>
	</item>
	<item>
		<title>Comments Disabled</title>
		<link>http://wptrunk/?p=152</link>
		<pubDate>Sun, 02 Mar 2008 10:21:15 +0000</pubDate>
		<dc:creator>admin</dc:creator>
		<guid isPermaLink="false">http://wpthemetestdata.wordpress.com/2007/09/04/no-comments/</guid>
		<description></description>
		<content:encoded><![CDATA[Comments are disabled. This post should display no comment-reply form.]]></content:encoded>
		<excerpt:encoded><![CDATA[]]></excerpt:encoded>
		<wp:post_id>152</wp:post_id>
		<wp:post_date>2008-03-02 10:21:15</wp:post_date>
		<wp:post_date_gmt>2008-03-02 10:21:15</wp:post_date_gmt>
		<wp:comment_status>closed</wp:comment_status>
		<wp:ping_status>closed</wp:ping_status>
		<wp:post_name>comments-disabled</wp:post_name>
		<wp:status>publish</wp:status>
		<wp:post_parent>0</wp:post_parent>
		<wp:menu_order>0</wp:menu_order>
		<wp:post_type>post</wp:post_type>
		<wp:post_password></wp:post_password>
		<wp:is_sticky>0</wp:is_sticky>
		<category domain="category" nicename="uncategorized"><![CDATA[Uncategorized]]></category>
		<wp:postmeta>
			<wp:meta_key>_wp_old_slug</wp:meta_key>
			<wp:meta_value><![CDATA[no-comments]]></wp:meta_value>
		</wp:postmeta>
	</item>
	<item>
		<title>Page with comments</title>
		<link>http://wptrunk/?page_id=155</link>
		<pubDate>Tue, 04 Sep 2007 00:47:47 +0000</pubDate>
		<dc:creator>admin</dc:creator>
		<guid isPermaLink="false">http://wpthemetestdata.wordpress.com/page-with-comments/</guid>
		<description></description>
		<content:encoded><![CDATA[This page has comments.]]></content:encoded>
		<excerpt:encoded><![CDATA[]]></excerpt:encoded>
		<wp:post_id>155</wp:post_id>
		<wp:post_date>2007-09-04 10:47:47</wp:post_date>
		<wp:post_date_gmt>2007-09-04 00:47:47</wp:post_date_gmt>
		<wp:comment_status>open</wp:comment_status>
		<wp:ping_status>closed</wp:ping_status>
		<wp:post_name>page-with-comments</wp:post_name>
		<wp:status>publish</wp:status>
		<wp:post_parent>0</wp:post_parent>
		<wp:menu_order>0</wp:menu_order>
		<wp:post_type>page</wp:post_type>
		<wp:post_password></wp:post_password>
		<wp:is_sticky>0</wp:is_sticky>
		<wp:postmeta>
			<wp:meta_key>_wp_page_template</wp:meta_key>
			<wp:meta_value><![CDATA[default]]></wp:meta_value>
		</wp:postmeta>
		<wp:comment>
			<wp:comment_id>2</wp:comment_id>
			<wp:comment_author><![CDATA[Anon]]></wp:comment_author>
			<wp:comment_author_email>anon@example.com</wp:comment_author_email>
			<wp:comment_author_url></wp:comment_author_url>
			<wp:comment_author_IP>59.167.157.3</wp:comment_author_IP>
			<wp:comment_date>2007-09-04 10:49:28</wp:comment_date>
			<wp:comment_date_gmt>2007-09-04 00:49:28</wp:comment_date_gmt>
			<wp:comment_content><![CDATA[Anonymous comment.]]></wp:comment_content>
			<wp:comment_approved>1</wp:comment_approved>
			<wp:comment_type></wp:comment_type>
			<wp:comment_parent>0</wp:comment_parent>
			<wp:comment_user_id>0</wp:comment_user_id>
		</wp:comment>
		<wp:comment>
			<wp:comment_id>3</wp:comment_id>
			<wp:comment_author><![CDATA[tellyworthtest2]]></wp:comment_author>
			<wp:comment_author_email>tellyworth+test2@gmail.com</wp:comment_author_email>
			<wp:comment_author_url></wp:comment_author_url>
			<wp:comment_author_IP>59.167.157.3</wp:comment_author_IP>
			<wp:comment_date>2007-09-04 10:49:03</wp:comment_date>
			<wp:comment_date_gmt>2007-09-04 00:49:03</wp:comment_date_gmt>
			<wp:comment_content><![CDATA[Contributor comment.]]></wp:comment_content>
			<wp:comment_approved>1</wp:comment_approved>
			<wp:comment_type></wp:comment_type>
			<wp:comment_parent>0</wp:comment_parent>
			<wp:comment_user_id>0</wp:comment_user_id>
		</wp:comment>
		<wp:comment>
			<wp:comment_id>4</wp:comment_id>
			<wp:comment_author><![CDATA[Alex Shiels]]></wp:comment_author>
			<wp:comment_author_email>tellyworth@gmail.com</wp:comment_author_email>
			<wp:comment_author_url>http://flightpath.wordpress.com/</wp:comment_author_url>
			<wp:comment_author_IP>59.167.157.3</wp:comment_author_IP>
			<wp:comment_date>2007-09-04 10:48:51</wp:comment_date>
			<wp:comment_date_gmt>2007-09-04 00:48:51</wp:comment_date_gmt>
			<wp:comment_content><![CDATA[Author comment.]]></wp:comment_content>
			<wp:comment_approved>1</wp:comment_approved>
			<wp:comment_type></wp:comment_type>
			<wp:comment_parent>0</wp:comment_parent>
			<wp:comment_user_id>0</wp:comment_user_id>
		</wp:comment>
	</item>
	<item>
		<title>Page with comments disabled</title>
		<link>http://wptrunk/?page_id=156</link>
		<pubDate>Tue, 04 Sep 2007 00:48:10 +0000</pubDate>
		<dc:creator>admin</dc:creator>
		<guid isPermaLink="false">http://wpthemetestdata.wordpress.com/page-with-comments-disabled/</guid>
		<description></description>
		<content:encoded><![CDATA[Comments have been disabled on this Page, which should display no comment-reply form, and should also display no "Comments are closed" or similar message.]]></content:encoded>
		<excerpt:encoded><![CDATA[]]></excerpt:encoded>
		<wp:post_id>156</wp:post_id>
		<wp:post_date>2007-09-04 10:48:10</wp:post_date>
		<wp:post_date_gmt>2007-09-04 00:48:10</wp:post_date_gmt>
		<wp:comment_status>closed</wp:comment_status>
		<wp:ping_status>closed</wp:ping_status>
		<wp:post_name>page-with-comments-disabled</wp:post_name>
		<wp:status>publish</wp:status>
		<wp:post_parent>0</wp:post_parent>
		<wp:menu_order>0</wp:menu_order>
		<wp:post_type>page</wp:post_type>
		<wp:post_password></wp:post_password>
		<wp:is_sticky>0</wp:is_sticky>
		<wp:postmeta>
			<wp:meta_key>_wp_page_template</wp:meta_key>
			<wp:meta_value><![CDATA[default]]></wp:meta_value>
		</wp:postmeta>
	</item>
	<item>
		<title>Layout Test</title>
		<link>http://wptrunk/?p=188</link>
		<pubDate>Fri, 05 Sep 2008 06:02:20 +0000</pubDate>
		<dc:creator>admin</dc:creator>
		<guid isPermaLink="false">http://noeltest.wordpress.com/?p=188</guid>
		<description></description>
		<content:encoded><![CDATA[This is a sticky post!!! Make sure it sticks!

This should then split into other pages with layout, images, HTML tags, and other things.

<!--nextpage-->
<h2>Paragraph Alignment Tests</h2>
<h3>Default Paragraph</h3>
Lorem Ipsum is <a href="http://wordpress.org">simply dummy</a> text of the printing and typesetting industry. Lorem Ipsum has been the industry's standard dummy text ever since the 1500s, when an unknown printer took a galley of type and scrambled it to make a type speci<a href="http://wordpress.org">men book. It has survived not only fi</a>ve centuries, but also the leap into electronic typesetting, remaining essentially unchanged. It was popularised in the 1960s with the release of Letraset sheets containing Lorem Ipsum passages, and more recently with desktop publishing software like Aldus PageMaker including versions of Lorem Ipsum.
<h3>Left align</h3>
<p style="text-align:left;">Lorem ipsum dolor sit amet, consectetuer adipiscing elit. Sed odio nibh, tincidunt adipiscing, pretium nec, tincidunt id, enim. Fusce scelerisque nunc vitae nisl. Quisque quis urna in velit dictum pellentesque. Vivamus a quam. Curabitur eu tortor id turpis tristique adipiscing. Morbi blandit. Maecenas vel est. Nunc aliquam, orci at accumsan commodo, libero nibh euismod augue, a ullamcorper velit dui et purus. Aenean volutpat, ipsum ac imperdiet fermentum, dui dui suscipit arcu, vitae dictum purus diam ac ligula. Praesent enim nunc, pretium eget, tincidunt in, semper at, mauris. Etiam nec ligula. Aenean purus pede, sagittis at, blandit a, dignissim nec, elit. Etiam nunc. Praesent molestie consectetuer leo. Etiam blandit leo mollis velit. Aenean varius. Maecenas in magna nec justo ornare feugiat. Mauris elit. Nunc volutpat lectus fermentum nibh.</p>

<h3>Center Align</h3>
<p style="text-align:center;">Aenean a turpis eu augue luctus vulputate. Ut nonummy arcu in est. Nulla facilisi. Fusce at est sollicitudin pede gravida luctus. Sed ut dolor non nulla luctus aliquam. Phasellus sodales dapibus turpis. Nulla malesuada. In sed quam. Donec sollicitudin convallis nisl. Donec nunc. Suspendisse malesuada libero in nisi. Etiam vitae metus non arcu gravida tincidunt. Duis accumsan purus et orci. Curabitur volutpat. Nulla quis purus id enim dapibus malesuada. Nam egestas luctus arcu. Praesent iaculis massa.</p>

<h3>Right Align</h3>
<p style="text-align:right;">Aenean tempor, risus nec eleifend tristique, sem orci aliquam urna, eget iaculis tortor mauris ut lorem. Aenean eu tellus. Sed at mauris at nisl ultricies lobortis. Vivamus lacinia, lorem vel congue facilisis, leo leo sodales leo, vitae euismod velit ante a ligula. Vivamus sit amet turpis ut eros molestie porttitor. Nam erat lacus, auctor vel, dictum a, suscipit sed, orci. Quisque est lorem, facilisis consequat, sagittis a, ullamcorper at, ante. Nullam ultricies gravida dui. Nunc mauris. Quisque neque. Quisque eu sem.</p>

<h3>Justified</h3>
<p style="text-align:justify;">Vivamus volutpat, arcu sed venenatis consequat, nulla pede blandit neque, quis ultrices ligula mauris ut leo. Proin iaculis. Pellentesque vulputate magna at lectus. Etiam semper aliquet lectus. Nullam turpis. Vivamus sed lacus. Integer metus arcu, adipiscing sed, vehicula et, vulputate sit amet, massa. Sed lobortis tempus lectus. In lacus. Duis nibh. Donec molestie libero ut neque. In sollicitudin aliquam felis. Sed molestie libero ac mi. Curabitur magna nunc, feugiat sed, sodales vitae, pretium a, leo. Sed ut ante. Integer turpis ante, facilisis sed, dignissim vitae, consectetuer sed, dui. Sed ultricies.</p>
<!--nextpage-->
<h1>Header one</h1>
<h2>Header two</h2>
<h3>Header three</h3>
<h4>Header four</h4>
<h5>Header five</h5>
<h6>Header six</h6>
<h2>Blockquote Tests</h2>
Blockquote:
<blockquote>Here's a one line quote.</blockquote>
This part isn't quoted.  Here's a longer quote:
<blockquote>It’s like a language. You learn the alphabet, which are the scales. You learn sentences, which are the chords. And then you talk extemporaneously with the horn. It’s a wonderful thing to speak extemporaneously, which is something I’ve never gotten the hang of. But musically I love to talk just off the top of my head. And that’s what jazz music is all about.

<cite>Stan Getz</cite></blockquote>
And some trailing text.
<h2>Table Layout Test</h2>
<table class="statsDay">
<tbody>
<tr>
<th>Title</th>
<th class="views">Views</th>
<th></th>
</tr>
<tr class="alternate">
<td class="label"><a href="http://wpthemetestdata.wordpress.com/about/">About Test User</a></td>
<td class="views">1</td>
<td class="more">More</td>
</tr>
<tr>
<td class="label"><a href="http://wpthemetestdata.wordpress.com/">260</a></td>
<td class="views">1</td>
<td class="more">More</td>
</tr>
<tr class="alternate">
<td class="label"><a href="http://wpthemetestdata.wordpress.com/archives/">Archives</a></td>
<td class="views">1</td>
<td class="more">More</td>
</tr>
<tr>
<td class="label"><a href="http://wpthemetestdata.wordpress.com/">235</a></td>
<td class="views">1</td>
<td class="more">More</td>
</tr>
</tbody>
</table>
<h2>List Type Tests</h2>
<h3>Definition List</h3>
<dl> <dt>Definition List Title</dt> <dd>This is a definition list division.</dd> <dt>Definition</dt> <dd>An exact statement or description of the nature, scope, or meaning of something: <em>our definition of what constitutes poetry.</em></dd> <dt>Gallery</dt> <dd>A feature introduced with WordPress 2.5, that is specifically an exposition of images attached to a post. In that same vein, an upload is "attached to a post" when you upload it while editing a post.</dd> <dt>Gravatar</dt> <dd>A globally recognized avatar (a graphic image or picture that represents a user). A gravatar is associated with an email address, and is maintained by the Gravatar.com service. Using this service, a blog owner can configure their blog so that a user's gravatar is displayed along with their comments.</dd> </dl>
<h3>Unordered List (Nested)</h3>
<ul>
	<li>List item one
<ul>
	<li>List item one
<ul>
	<li>List item one</li>
	<li>List item two</li>
	<li>List item three</li>
	<li>List item four</li>
</ul>
</li>
	<li>List item two</li>
	<li>List item three</li>
	<li>List item four</li>
</ul>
</li>
	<li>List item two</li>
	<li>List item three</li>
	<li>List item four</li>
</ul>
<h3>Ordered List</h3>
<ol>
	<li>List item one
<ol>
	<li>List item one
<ol>
	<li>List item one</li>
	<li>List item two</li>
	<li>List item three</li>
	<li>List item four</li>
</ol>
</li>
	<li>List item two</li>
	<li>List item three</li>
	<li>List item four</li>
</ol>
</li>
	<li>List item two</li>
	<li>List item three</li>
	<li>List item four</li>
</ol>
<h2>HTML Element Tag Tests</h2>
All other HTML tags listed in the <a href="http://en.support.wordpress.com/code/">FAQ</a>:

Here is the address for Automattic, using the <code>&lt;address&gt;</code> tag:

<address>355 1st Street Suite 202
San Francisco, CA 94105
United States</address>This is an example of <a href="http://example.com">an <code>&lt;anchor&gt;</code></a> (otherwise known as a link). This <abbr title="abbreviation">abbr.</abbr> is an example of an &lt;abbr&gt; tag in the middle of a sentence. Here is a <acronym title="three-letter acronym">TLA</acronym> showing off the <code>&lt;acronym&gt;</code> tag. What, you want to see <big>some over-sized text</big> using the <code>&lt;big&gt;</code> tag? Can you <cite>cite a reference</cite> for that, using the <code>&lt;cite&gt;</code> tag? Have you noticed that all of the tag names are displayed <code>in code-form</code>, using the <code>&lt;code&gt;</code> tag? Similarly, I could <kbd>emulate keyboard text</kbd>, using the <code>&lt;kbd&gt;</code> text tag, or <tt>emulate teletype text</tt> using the <code>&lt;tt&gt;</code> tag.

Oh no! I wrote something incorrectly. <del>I'd better delete it</del>, using the <code>&lt;del&gt;</code> tag. I could alternately <span style="text-decoration:line-through;">strike something out</span> using the <code>&lt;strike&gt;</code> tag, or strike something out using the <code>&lt;s&gt;</code> tag. <em>So many choices</em>, which I emphasize using the <code>&lt;em&gt;</code> tag. Just to clarify, <ins>this is some inserted text</ins>, that I'll highlight using the <code>&lt;ins&gt;</code> tag.

Need to display completely unformatted text, such as a large block of code? Use the <code>&lt;pre&gt;</code> tag, which lets you display:
<pre>#container {
	float: left;
	margin: 0 -240px 0 0;
	width: 100%;
}</pre>
Want to quote the WordPress tagline <q>Code is Poetry</q>? Use the <code>&lt;q&gt;</code> tag to add quotes around it. <strong>This is strong text</strong> (otherwise known as bold), using the <code>&lt;strong&gt;</code> tag.

Need to write H<sub>2</sub>O or E = MC<sup>2</sup>? You may find great use for <sub>subscripting</sub> text using the <code>&lt;sub&gt;</code> tag, or for <sup>superscripting</sup> text using the <code>&lt;sup&gt;</code> tag. Need to call out a <var>variable</var>? Use the <code>&lt;var&gt;</code> tag.
<h2>Div and Span Tests</h2>
<div>

Lorem ipsum dolor sit amet, consectetuer adipiscing elit.
<div class="myclass"><strong>This is a div with "myclass" class, inside of another div, using the <code>&lt;div&gt;</code> tag.</strong></div>
Sed odio nibh, tincidunt adipiscing, pretium nec, tincidunt id, enim. Fusce scelerisque nunc vitae nisl.

</div>
Lorem ipsum dolor sit amet, consectetuer adipiscing elit. <span><strong>This is a span inside of a paragraph, using the <code>&lt;span&gt;</code> tag.</strong></span> Sed odio nibh, tincidunt adipiscing, pretium nec, tincidunt id, enim. Fusce scelerisque nunc vitae nisl.]]></content:encoded>
		<excerpt:encoded><![CDATA[]]></excerpt:encoded>
		<wp:post_id>188</wp:post_id>
		<wp:post_date>2008-09-04 23:02:20</wp:post_date>
		<wp:post_date_gmt>2008-09-05 06:02:20</wp:post_date_gmt>
		<wp:comment_status>closed</wp:comment_status>
		<wp:ping_status>closed</wp:ping_status>
		<wp:post_name>layout-test</wp:post_name>
		<wp:status>publish</wp:status>
		<wp:post_parent>0</wp:post_parent>
		<wp:menu_order>0</wp:menu_order>
		<wp:post_type>post</wp:post_type>
		<wp:post_password></wp:post_password>
		<wp:is_sticky>1</wp:is_sticky>
		<category domain="category" nicename="uncategorized"><![CDATA[Uncategorized]]></category>
	</item>
	<item>
		<title>Scheduled Post</title>
		<link>http://wptrunk/?p=418</link>
		<pubDate>Sat, 27 Jul 2030 23:13:18 +0000</pubDate>
		<dc:creator>admin</dc:creator>
		<guid isPermaLink="false">http://wpthemetestdata.wordpress.com/?p=418</guid>
		<description></description>
		<content:encoded><![CDATA[This post is scheduled to be published in the future. It should not be displayed by the Theme.]]></content:encoded>
		<excerpt:encoded><![CDATA[]]></excerpt:encoded>
		<wp:post_id>418</wp:post_id>
		<wp:post_date>2030-07-27 16:13:18</wp:post_date>
		<wp:post_date_gmt>2030-07-27 23:13:18</wp:post_date_gmt>
		<wp:comment_status>open</wp:comment_status>
		<wp:ping_status>closed</wp:ping_status>
		<wp:post_name>scheduled-post</wp:post_name>
		<wp:status>future</wp:status>
		<wp:post_parent>0</wp:post_parent>
		<wp:menu_order>0</wp:menu_order>
		<wp:post_type>post</wp:post_type>
		<wp:post_password></wp:post_password>
		<wp:is_sticky>0</wp:is_sticky>
		<category domain="category" nicename="uncategorized"><![CDATA[Uncategorized]]></category>
	</item>
	<item>
		<title>Draft Post</title>
		<link>http://wptrunk/?p=420</link>
		<pubDate>Tue, 27 Jul 2010 23:14:31 +0000</pubDate>
		<dc:creator>admin</dc:creator>
		<guid isPermaLink="false">http://wpthemetestdata.wordpress.com/?p=420</guid>
		<description></description>
		<content:encoded><![CDATA[This is a draft post. It should not be displayed by the Theme.]]></content:encoded>
		<excerpt:encoded><![CDATA[]]></excerpt:encoded>
		<wp:post_id>420</wp:post_id>
		<wp:post_date>2010-07-27 16:14:31</wp:post_date>
		<wp:post_date_gmt>2010-07-27 23:14:31</wp:post_date_gmt>
		<wp:comment_status>open</wp:comment_status>
		<wp:ping_status>closed</wp:ping_status>
		<wp:post_name></wp:post_name>
		<wp:status>draft</wp:status>
		<wp:post_parent>0</wp:post_parent>
		<wp:menu_order>0</wp:menu_order>
		<wp:post_type>post</wp:post_type>
		<wp:post_password></wp:post_password>
		<wp:is_sticky>0</wp:is_sticky>
		<category domain="category" nicename="uncategorized"><![CDATA[Uncategorized]]></category>
	</item>
	<item>
		<title>If you say it loud enough, you’ll always sound precocious; Supercalifragilisticexpialidocious!</title>
		<link>http://wptrunk/?p=494</link>
		<pubDate>Tue, 06 May 2008 19:23:00 +0000</pubDate>
		<dc:creator>admin</dc:creator>
		<guid isPermaLink="false">http://wpthemetestdata.wordpress.com/?p=494</guid>
		<description></description>
		<content:encoded><![CDATA[A post with an exceptionally long title and single word (supercalifragilisticexpialidocious—it's the biggest word you ever heard) useful for testing title line heights and potential overflow issues on posts with small title areas. :)]]></content:encoded>
		<excerpt:encoded><![CDATA[]]></excerpt:encoded>
		<wp:post_id>494</wp:post_id>
		<wp:post_date>2008-05-06 12:23:00</wp:post_date>
		<wp:post_date_gmt>2008-05-06 19:23:00</wp:post_date_gmt>
		<wp:comment_status>closed</wp:comment_status>
		<wp:ping_status>closed</wp:ping_status>
		<wp:post_name>if-you-say-it-loud-enough-youll-always-sound-precocious-supercalifragilisticexpialidocious</wp:post_name>
		<wp:status>publish</wp:status>
		<wp:post_parent>0</wp:post_parent>
		<wp:menu_order>0</wp:menu_order>
		<wp:post_type>post</wp:post_type>
		<wp:post_password></wp:post_password>
		<wp:is_sticky>0</wp:is_sticky>
		<category domain="category" nicename="uncategorized"><![CDATA[Uncategorized]]></category>
	</item>
	<item>
		<title>Post Format Test: Gallery</title>
		<link>http://wptrunk/?p=555</link>
		<pubDate>Tue, 10 Jun 2008 14:24:14 +0000</pubDate>
		<dc:creator>admin</dc:creator>
		<guid isPermaLink="false">http://wpthemetestdata.wordpress.com/?p=555</guid>
		<description></description>
		<content:encoded><![CDATA[[gallery] ]]></content:encoded>
		<excerpt:encoded><![CDATA[]]></excerpt:encoded>
		<wp:post_id>555</wp:post_id>
		<wp:post_date>2008-06-10 07:24:14</wp:post_date>
		<wp:post_date_gmt>2008-06-10 14:24:14</wp:post_date_gmt>
		<wp:comment_status>closed</wp:comment_status>
		<wp:ping_status>closed</wp:ping_status>
		<wp:post_name>post-format-test-gallery</wp:post_name>
		<wp:status>publish</wp:status>
		<wp:post_parent>0</wp:post_parent>
		<wp:menu_order>0</wp:menu_order>
		<wp:post_type>post</wp:post_type>
		<wp:post_password></wp:post_password>
		<wp:is_sticky>0</wp:is_sticky>
		<category domain="post_format" nicename="post-format-gallery"><![CDATA[Gallery]]></category>
		<category domain="category" nicename="uncategorized"><![CDATA[Uncategorized]]></category>
	</item>
	<item>
		<title>Post Format Test: Aside</title>
		<link>http://wptrunk/?p=559</link>
		<pubDate>Mon, 09 Jun 2008 14:51:54 +0000</pubDate>
		<dc:creator>admin</dc:creator>
		<guid isPermaLink="false">http://wpthemetestdata.wordpress.com/?p=559</guid>
		<description></description>
		<content:encoded><![CDATA[“I never tried to prove nothing, just wanted to give a good show. My life has always been my music, it's always come first, but the music ain't worth nothing if you can't lay it on the public. The main thing is to live for that audience, 'cause what you're there for is to please the people.”]]></content:encoded>
		<excerpt:encoded><![CDATA[]]></excerpt:encoded>
		<wp:post_id>559</wp:post_id>
		<wp:post_date>2008-06-09 07:51:54</wp:post_date>
		<wp:post_date_gmt>2008-06-09 14:51:54</wp:post_date_gmt>
		<wp:comment_status>closed</wp:comment_status>
		<wp:ping_status>closed</wp:ping_status>
		<wp:post_name>post-format-test-aside</wp:post_name>
		<wp:status>publish</wp:status>
		<wp:post_parent>0</wp:post_parent>
		<wp:menu_order>0</wp:menu_order>
		<wp:post_type>post</wp:post_type>
		<wp:post_password></wp:post_password>
		<wp:is_sticky>0</wp:is_sticky>
		<category domain="post_format" nicename="post-format-aside"><![CDATA[Aside]]></category>
		<category domain="category" nicename="uncategorized"><![CDATA[Uncategorized]]></category>
	</item>
</channel>
</rss>
